{
"contracts/buOLAS.sol":{"l":{"69":54,"70":54,"71":54,"72":54,"78":4,"79":2,"82":2,"83":1,"86":1,"87":1,"97":15,"98":1,"101":14,"102":1,"105":13,"106":1,"109":12,"110":1,"113":11,"115":11,"116":1,"119":10,"120":1,"123":9,"125":9,"126":1,"130":8,"131":8,"132":8,"133":8,"136":8,"137":8,"139":8,"140":8,"141":8,"145":8,"147":8,"148":8,"153":11,"155":11,"157":10,"159":10,"160":2,"163":8,"164":8,"166":8,"167":5,"170":5,"173":5,"174":2,"176":3,"180":3,"182":3,"183":2,"185":2,"187":2,"189":2,"192":3,"196":8,"197":8,"198":8,"201":8,"202":8,"205":8,"213":4,"214":1,"217":3,"218":3,"219":3,"222":3,"224":3,"225":3,"228":3,"230":3,"232":3,"234":3,"242":8,"244":8,"246":4,"249":4,"256":7,"263":9,"264":9,"272":22,"273":9,"276":13,"278":13,"280":13,"281":13,"282":13,"286":13,"288":4,"289":4,"293":9,"294":9,"295":9,"304":3,"311":1,"316":1,"321":1,"326":1,"332":1},"path":"/Users/kupermind/dev/autonolas-governance/contracts/buOLAS.sol","s":{"1":54,"2":54,"3":54,"4":54,"5":4,"6":2,"7":1,"8":1,"9":15,"10":14,"11":13,"12":12,"13":11,"14":11,"15":10,"16":9,"17":9,"18":8,"19":8,"20":8,"21":8,"22":8,"23":8,"24":8,"25":8,"26":8,"27":8,"28":8,"29":11,"30":11,"31":10,"32":10,"33":8,"34":8,"35":8,"36":5,"37":5,"38":2,"39":3,"40":3,"41":3,"42":2,"43":2,"44":2,"45":3,"46":8,"47":8,"48":8,"49":8,"50":8,"51":4,"52":3,"53":3,"54":3,"55":3,"56":3,"57":3,"58":3,"59":3,"60":3,"61":8,"62":8,"63":4,"64":4,"65":7,"66":9,"67":9,"68":22,"69":9,"70":13,"71":13,"72":13,"73":13,"74":13,"75":4,"76":9,"77":9,"78":3,"79":1},"b":{"1":[2,2],"2":[1,1],"3":[1,14],"4":[1,13],"5":[1,12],"6":[1,11],"7":[1,10],"8":[1,9],"9":[1,8],"10":[10,1],"11":[2,8],"12":[5,3],"13":[2,3],"14":[2,1],"15":[1,3],"16":[4,4],"17":[9,13],"18":[4,9]},"f":{"1":54,"2":4,"3":15,"4":11,"5":4,"6":8,"7":7,"8":9,"9":22,"10":3,"11":1,"12":1,"13":1,"14":1,"15":1},"fnMap":{"1":{"name":"constructor","line":67,"loc":{"start":{"line":67,"column":4},"end":{"line":73,"column":4}}},"2":{"name":"changeOwner","line":77,"loc":{"start":{"line":77,"column":4},"end":{"line":88,"column":4}}},"3":{"name":"createLockFor","line":95,"loc":{"start":{"line":95,"column":4},"end":{"line":149,"column":4}}},"4":{"name":"withdraw","line":152,"loc":{"start":{"line":152,"column":4},"end":{"line":207,"column":4}}},"5":{"name":"revoke","line":211,"loc":{"start":{"line":211,"column":4},"end":{"line":236,"column":4}}},"6":{"name":"balanceOf","line":241,"loc":{"start":{"line":241,"column":4},"end":{"line":251,"column":4}}},"7":{"name":"totalSupply","line":255,"loc":{"start":{"line":255,"column":4},"end":{"line":257,"column":4}}},"8":{"name":"releasableAmount","line":262,"loc":{"start":{"line":262,"column":4},"end":{"line":265,"column":4}}},"9":{"name":"_releasableAmount","line":270,"loc":{"start":{"line":270,"column":4},"end":{"line":298,"column":4}}},"10":{"name":"lockedEnd","line":303,"loc":{"start":{"line":303,"column":4},"end":{"line":305,"column":4}}},"11":{"name":"supportsInterface","line":310,"loc":{"start":{"line":310,"column":4},"end":{"line":312,"column":4}}},"12":{"name":"transfer","line":315,"loc":{"start":{"line":315,"column":4},"end":{"line":317,"column":4}}},"13":{"name":"approve","line":320,"loc":{"start":{"line":320,"column":4},"end":{"line":322,"column":4}}},"14":{"name":"transferFrom","line":325,"loc":{"start":{"line":325,"column":4},"end":{"line":327,"column":4}}},"15":{"name":"allowance","line":330,"loc":{"start":{"line":330,"column":4},"end":{"line":333,"column":4}}}},"statementMap":{"1":{"start":{"line":69,"column":8},"end":{"line":69,"column":21}},"2":{"start":{"line":70,"column":8},"end":{"line":70,"column":19}},"3":{"start":{"line":71,"column":8},"end":{"line":71,"column":23}},"4":{"start":{"line":72,"column":8},"end":{"line":72,"column":25}},"5":{"start":{"line":78,"column":8},"end":{"line":78,"column":2846}},"6":{"start":{"line":82,"column":8},"end":{"line":82,"column":2941}},"7":{"start":{"line":86,"column":8},"end":{"line":86,"column":23}},"8":{"start":{"line":87,"column":8},"end":{"line":87,"column":35}},"9":{"start":{"line":97,"column":8},"end":{"line":97,"column":3521}},"10":{"start":{"line":101,"column":8},"end":{"line":101,"column":3641}},"11":{"start":{"line":105,"column":8},"end":{"line":105,"column":3771}},"12":{"start":{"line":109,"column":8},"end":{"line":109,"column":3887}},"13":{"start":{"line":113,"column":8},"end":{"line":113,"column":76}},"14":{"start":{"line":115,"column":8},"end":{"line":115,"column":4229}},"15":{"start":{"line":119,"column":8},"end":{"line":119,"column":4461}},"16":{"start":{"line":123,"column":8},"end":{"line":123,"column":71}},"17":{"start":{"line":125,"column":8},"end":{"line":125,"column":4711}},"18":{"start":{"line":130,"column":8},"end":{"line":130,"column":56}},"19":{"start":{"line":131,"column":8},"end":{"line":131,"column":49}},"20":{"start":{"line":132,"column":8},"end":{"line":132,"column":49}},"21":{"start":{"line":133,"column":8},"end":{"line":133,"column":49}},"22":{"start":{"line":136,"column":8},"end":{"line":136,"column":37}},"23":{"start":{"line":137,"column":8},"end":{"line":137,"column":27}},"24":{"start":{"line":140,"column":12},"end":{"line":140,"column":46}},"25":{"start":{"line":141,"column":12},"end":{"line":141,"column":31}},"26":{"start":{"line":145,"column":8},"end":{"line":145,"column":68}},"27":{"start":{"line":147,"column":8},"end":{"line":147,"column":63}},"28":{"start":{"line":148,"column":8},"end":{"line":148,"column":46}},"29":{"start":{"line":153,"column":8},"end":{"line":153,"column":74}},"30":{"start":{"line":155,"column":8},"end":{"line":155,"column":5993}},"31":{"start":{"line":157,"column":12},"end":{"line":157,"column":61}},"32":{"start":{"line":159,"column":12},"end":{"line":159,"column":6215}},"33":{"start":{"line":163,"column":12},"end":{"line":163,"column":41}},"34":{"start":{"line":164,"column":12},"end":{"line":164,"column":46}},"35":{"start":{"line":166,"column":12},"end":{"line":166,"column":6567}},"36":{"start":{"line":170,"column":20},"end":{"line":170,"column":68}},"37":{"start":{"line":173,"column":16},"end":{"line":173,"column":7005}},"38":{"start":{"line":174,"column":20},"end":{"line":174,"column":76}},"39":{"start":{"line":176,"column":20},"end":{"line":176,"column":64}},"40":{"start":{"line":180,"column":16},"end":{"line":180,"column":71}},"41":{"start":{"line":182,"column":16},"end":{"line":182,"column":7516}},"42":{"start":{"line":183,"column":20},"end":{"line":183,"column":48}},"43":{"start":{"line":187,"column":24},"end":{"line":187,"column":62}},"44":{"start":{"line":189,"column":20},"end":{"line":189,"column":70}},"45":{"start":{"line":192,"column":16},"end":{"line":192,"column":72}},"46":{"start":{"line":197,"column":16},"end":{"line":197,"column":36}},"47":{"start":{"line":198,"column":16},"end":{"line":198,"column":35}},"48":{"start":{"line":201,"column":12},"end":{"line":201,"column":62}},"49":{"start":{"line":202,"column":12},"end":{"line":202,"column":50}},"50":{"start":{"line":205,"column":12},"end":{"line":205,"column":53}},"51":{"start":{"line":213,"column":8},"end":{"line":213,"column":8756}},"52":{"start":{"line":217,"column":8},"end":{"line":217,"column":8851}},"53":{"start":{"line":218,"column":12},"end":{"line":218,"column":41}},"54":{"start":{"line":219,"column":12},"end":{"line":219,"column":75}},"55":{"start":{"line":222,"column":12},"end":{"line":222,"column":68}},"56":{"start":{"line":225,"column":16},"end":{"line":225,"column":101}},"57":{"start":{"line":228,"column":12},"end":{"line":228,"column":66}},"58":{"start":{"line":230,"column":12},"end":{"line":230,"column":36}},"59":{"start":{"line":232,"column":12},"end":{"line":232,"column":53}},"60":{"start":{"line":234,"column":12},"end":{"line":234,"column":85}},"61":{"start":{"line":242,"column":8},"end":{"line":242,"column":71}},"62":{"start":{"line":244,"column":8},"end":{"line":244,"column":10220}},"63":{"start":{"line":246,"column":12},"end":{"line":246,"column":61}},"64":{"start":{"line":249,"column":12},"end":{"line":249,"column":89}},"65":{"start":{"line":256,"column":8},"end":{"line":256,"column":21}},"66":{"start":{"line":263,"column":8},"end":{"line":263,"column":71}},"67":{"start":{"line":264,"column":8},"end":{"line":264,"column":48}},"68":{"start":{"line":272,"column":8},"end":{"line":272,"column":11486}},"69":{"start":{"line":273,"column":12},"end":{"line":273,"column":50}},"70":{"start":{"line":276,"column":8},"end":{"line":276,"column":23}},"71":{"start":{"line":278,"column":8},"end":{"line":278,"column":28}},"72":{"start":{"line":281,"column":12},"end":{"line":281,"column":83}},"73":{"start":{"line":282,"column":12},"end":{"line":282,"column":90}},"74":{"start":{"line":286,"column":8},"end":{"line":286,"column":12096}},"75":{"start":{"line":289,"column":16},"end":{"line":289,"column":92}},"76":{"start":{"line":294,"column":16},"end":{"line":294,"column":85}},"77":{"start":{"line":295,"column":16},"end":{"line":295,"column":65}},"78":{"start":{"line":304,"column":8},"end":{"line":304,"column":63}},"79":{"start":{"line":311,"column":8},"end":{"line":311,"column":98}}},"branchMap":{"1":{"line":78,"type":"if","locations":[{"start":{"line":78,"column":8},"end":{"line":78,"column":8}},{"start":{"line":78,"column":8},"end":{"line":78,"column":8}}]},"2":{"line":82,"type":"if","locations":[{"start":{"line":82,"column":8},"end":{"line":82,"column":8}},{"start":{"line":82,"column":8},"end":{"line":82,"column":8}}]},"3":{"line":97,"type":"if","locations":[{"start":{"line":97,"column":8},"end":{"line":97,"column":8}},{"start":{"line":97,"column":8},"end":{"line":97,"column":8}}]},"4":{"line":101,"type":"if","locations":[{"start":{"line":101,"column":8},"end":{"line":101,"column":8}},{"start":{"line":101,"column":8},"end":{"line":101,"column":8}}]},"5":{"line":105,"type":"if","locations":[{"start":{"line":105,"column":8},"end":{"line":105,"column":8}},{"start":{"line":105,"column":8},"end":{"line":105,"column":8}}]},"6":{"line":109,"type":"if","locations":[{"start":{"line":109,"column":8},"end":{"line":109,"column":8}},{"start":{"line":109,"column":8},"end":{"line":109,"column":8}}]},"7":{"line":115,"type":"if","locations":[{"start":{"line":115,"column":8},"end":{"line":115,"column":8}},{"start":{"line":115,"column":8},"end":{"line":115,"column":8}}]},"8":{"line":119,"type":"if","locations":[{"start":{"line":119,"column":8},"end":{"line":119,"column":8}},{"start":{"line":119,"column":8},"end":{"line":119,"column":8}}]},"9":{"line":125,"type":"if","locations":[{"start":{"line":125,"column":8},"end":{"line":125,"column":8}},{"start":{"line":125,"column":8},"end":{"line":125,"column":8}}]},"10":{"line":155,"type":"if","locations":[{"start":{"line":155,"column":8},"end":{"line":155,"column":8}},{"start":{"line":155,"column":8},"end":{"line":155,"column":8}}]},"11":{"line":159,"type":"if","locations":[{"start":{"line":159,"column":12},"end":{"line":159,"column":12}},{"start":{"line":159,"column":12},"end":{"line":159,"column":12}}]},"12":{"line":166,"type":"if","locations":[{"start":{"line":166,"column":12},"end":{"line":166,"column":12}},{"start":{"line":166,"column":12},"end":{"line":166,"column":12}}]},"13":{"line":173,"type":"if","locations":[{"start":{"line":173,"column":16},"end":{"line":173,"column":16}},{"start":{"line":173,"column":16},"end":{"line":173,"column":16}}]},"14":{"line":182,"type":"if","locations":[{"start":{"line":182,"column":16},"end":{"line":182,"column":16}},{"start":{"line":182,"column":16},"end":{"line":182,"column":16}}]},"15":{"line":213,"type":"if","locations":[{"start":{"line":213,"column":8},"end":{"line":213,"column":8}},{"start":{"line":213,"column":8},"end":{"line":213,"column":8}}]},"16":{"line":244,"type":"if","locations":[{"start":{"line":244,"column":8},"end":{"line":244,"column":8}},{"start":{"line":244,"column":8},"end":{"line":244,"column":8}}]},"17":{"line":272,"type":"if","locations":[{"start":{"line":272,"column":8},"end":{"line":272,"column":8}},{"start":{"line":272,"column":8},"end":{"line":272,"column":8}}]},"18":{"line":286,"type":"if","locations":[{"start":{"line":286,"column":8},"end":{"line":286,"column":8}},{"start":{"line":286,"column":8},"end":{"line":286,"column":8}}]}}},
"contracts/GovernorOLAS.sol":{"l":{"34":7,"50":4,"57":4,"74":1,"90":1,"97":7,"106":1},"path":"/Users/kupermind/dev/autonolas-governance/contracts/GovernorOLAS.sol","s":{"1":7,"2":4,"3":4,"4":1,"5":1,"6":7,"7":1},"b":{},"f":{"1":12,"2":7,"3":4,"4":4,"5":1,"6":1,"7":7,"8":1},"fnMap":{"1":{"name":"constructor","line":26,"loc":{"start":{"line":14,"column":4},"end":{"line":27,"column":5}}},"2":{"name":"state","line":31,"loc":{"start":{"line":31,"column":4},"end":{"line":35,"column":4}}},"3":{"name":"propose","line":43,"loc":{"start":{"line":43,"column":4},"end":{"line":51,"column":4}}},"4":{"name":"proposalThreshold","line":55,"loc":{"start":{"line":55,"column":4},"end":{"line":58,"column":4}}},"5":{"name":"_execute","line":66,"loc":{"start":{"line":66,"column":4},"end":{"line":75,"column":4}}},"6":{"name":"_cancel","line":83,"loc":{"start":{"line":83,"column":4},"end":{"line":91,"column":4}}},"7":{"name":"_executor","line":95,"loc":{"start":{"line":95,"column":4},"end":{"line":98,"column":4}}},"8":{"name":"supportsInterface","line":103,"loc":{"start":{"line":103,"column":4},"end":{"line":107,"column":4}}}},"statementMap":{"1":{"start":{"line":34,"column":8},"end":{"line":34,"column":38}},"2":{"start":{"line":50,"column":8},"end":{"line":50,"column":69}},"3":{"start":{"line":57,"column":8},"end":{"line":57,"column":40}},"4":{"start":{"line":74,"column":8},"end":{"line":74,"column":78}},"5":{"start":{"line":90,"column":8},"end":{"line":90,"column":73}},"6":{"start":{"line":97,"column":8},"end":{"line":97,"column":32}},"7":{"start":{"line":106,"column":8},"end":{"line":106,"column":51}}},"branchMap":{}},
"contracts/interfaces/IErrors.sol":{"l":{},"path":"/Users/kupermind/dev/autonolas-governance/contracts/interfaces/IErrors.sol","s":{},"b":{},"f":{},"fnMap":{},"statementMap":{},"branchMap":{}},
"contracts/OLAS.sol":{"l":{"36":156,"37":156,"38":156,"39":156,"40":42,"47":4,"48":2,"51":2,"52":1,"55":1,"56":1,"62":17,"63":1,"66":16,"67":1,"70":15,"71":15,"79":59,"80":1,"84":58,"85":54,"93":58,"94":58,"100":58,"102":58,"104":58,"106":58,"108":4,"109":4,"110":10,"114":58,"120":4,"128":2,"130":2,"131":1,"132":1,"133":1,"136":2,"144":1,"146":1,"147":1,"148":1,"150":1},"path":"/Users/kupermind/dev/autonolas-governance/contracts/OLAS.sol","s":{"1":156,"2":156,"3":156,"4":156,"5":42,"6":4,"7":2,"8":1,"9":1,"10":17,"11":16,"12":15,"13":15,"14":59,"15":58,"16":54,"17":58,"18":58,"19":58,"20":58,"21":58,"22":58,"23":4,"24":4,"25":10,"26":58,"27":4,"28":2,"29":2,"30":1,"31":1,"32":1,"33":2,"34":1,"35":1,"36":1,"37":1,"38":1},"b":{"1":[42,114],"2":[2,2],"3":[1,1],"4":[1,16],"5":[1,15],"6":[1,58],"7":[54,4],"8":[4,54],"9":[1,1]},"f":{"1":156,"2":4,"3":17,"4":59,"5":58,"6":58,"7":4,"8":2,"9":1},"fnMap":{"1":{"name":"constructor","line":35,"loc":{"start":{"line":35,"column":4},"end":{"line":42,"column":4}}},"2":{"name":"changeOwner","line":46,"loc":{"start":{"line":46,"column":4},"end":{"line":57,"column":4}}},"3":{"name":"changeMinter","line":61,"loc":{"start":{"line":61,"column":4},"end":{"line":72,"column":4}}},"4":{"name":"mint","line":77,"loc":{"start":{"line":77,"column":4},"end":{"line":87,"column":4}}},"5":{"name":"inflationControl","line":92,"loc":{"start":{"line":92,"column":4},"end":{"line":95,"column":4}}},"6":{"name":"inflationRemainder","line":99,"loc":{"start":{"line":99,"column":4},"end":{"line":115,"column":4}}},"7":{"name":"burn","line":119,"loc":{"start":{"line":119,"column":4},"end":{"line":121,"column":4}}},"8":{"name":"decreaseAllowance","line":127,"loc":{"start":{"line":127,"column":4},"end":{"line":137,"column":4}}},"9":{"name":"increaseAllowance","line":143,"loc":{"start":{"line":143,"column":4},"end":{"line":151,"column":4}}}},"statementMap":{"1":{"start":{"line":36,"column":8},"end":{"line":36,"column":25}},"2":{"start":{"line":37,"column":8},"end":{"line":37,"column":26}},"3":{"start":{"line":38,"column":8},"end":{"line":38,"column":35}},"4":{"start":{"line":39,"column":8},"end":{"line":39,"column":1318}},"5":{"start":{"line":40,"column":12},"end":{"line":40,"column":37}},"6":{"start":{"line":47,"column":8},"end":{"line":47,"column":1544}},"7":{"start":{"line":51,"column":8},"end":{"line":51,"column":1641}},"8":{"start":{"line":55,"column":8},"end":{"line":55,"column":23}},"9":{"start":{"line":56,"column":8},"end":{"line":56,"column":35}},"10":{"start":{"line":62,"column":8},"end":{"line":62,"column":1941}},"11":{"start":{"line":66,"column":8},"end":{"line":66,"column":2038}},"12":{"start":{"line":70,"column":8},"end":{"line":70,"column":25}},"13":{"start":{"line":71,"column":8},"end":{"line":71,"column":37}},"14":{"start":{"line":79,"column":8},"end":{"line":79,"column":2397}},"15":{"start":{"line":84,"column":8},"end":{"line":84,"column":2545}},"16":{"start":{"line":85,"column":12},"end":{"line":85,"column":33}},"17":{"start":{"line":93,"column":8},"end":{"line":93,"column":48}},"18":{"start":{"line":94,"column":8},"end":{"line":94,"column":36}},"19":{"start":{"line":100,"column":8},"end":{"line":100,"column":42}},"20":{"start":{"line":102,"column":8},"end":{"line":102,"column":67}},"21":{"start":{"line":104,"column":8},"end":{"line":104,"column":44}},"22":{"start":{"line":106,"column":8},"end":{"line":106,"column":3517}},"23":{"start":{"line":108,"column":12},"end":{"line":108,"column":24}},"24":{"start":{"line":109,"column":12},"end":{"line":109,"column":3664}},"25":{"start":{"line":110,"column":16},"end":{"line":110,"column":66}},"26":{"start":{"line":114,"column":8},"end":{"line":114,"column":43}},"27":{"start":{"line":120,"column":8},"end":{"line":120,"column":32}},"28":{"start":{"line":128,"column":8},"end":{"line":128,"column":65}},"29":{"start":{"line":130,"column":8},"end":{"line":130,"column":4469}},"30":{"start":{"line":131,"column":12},"end":{"line":131,"column":37}},"31":{"start":{"line":132,"column":12},"end":{"line":132,"column":60}},"32":{"start":{"line":133,"column":12},"end":{"line":133,"column":64}},"33":{"start":{"line":136,"column":8},"end":{"line":136,"column":19}},"34":{"start":{"line":144,"column":8},"end":{"line":144,"column":65}},"35":{"start":{"line":146,"column":8},"end":{"line":146,"column":33}},"36":{"start":{"line":147,"column":8},"end":{"line":147,"column":56}},"37":{"start":{"line":148,"column":8},"end":{"line":148,"column":60}},"38":{"start":{"line":150,"column":8},"end":{"line":150,"column":19}}},"branchMap":{"1":{"line":39,"type":"if","locations":[{"start":{"line":39,"column":8},"end":{"line":39,"column":8}},{"start":{"line":39,"column":8},"end":{"line":39,"column":8}}]},"2":{"line":47,"type":"if","locations":[{"start":{"line":47,"column":8},"end":{"line":47,"column":8}},{"start":{"line":47,"column":8},"end":{"line":47,"column":8}}]},"3":{"line":51,"type":"if","locations":[{"start":{"line":51,"column":8},"end":{"line":51,"column":8}},{"start":{"line":51,"column":8},"end":{"line":51,"column":8}}]},"4":{"line":62,"type":"if","locations":[{"start":{"line":62,"column":8},"end":{"line":62,"column":8}},{"start":{"line":62,"column":8},"end":{"line":62,"column":8}}]},"5":{"line":66,"type":"if","locations":[{"start":{"line":66,"column":8},"end":{"line":66,"column":8}},{"start":{"line":66,"column":8},"end":{"line":66,"column":8}}]},"6":{"line":79,"type":"if","locations":[{"start":{"line":79,"column":8},"end":{"line":79,"column":8}},{"start":{"line":79,"column":8},"end":{"line":79,"column":8}}]},"7":{"line":84,"type":"if","locations":[{"start":{"line":84,"column":8},"end":{"line":84,"column":8}},{"start":{"line":84,"column":8},"end":{"line":84,"column":8}}]},"8":{"line":106,"type":"if","locations":[{"start":{"line":106,"column":8},"end":{"line":106,"column":8}},{"start":{"line":106,"column":8},"end":{"line":106,"column":8}}]},"9":{"line":130,"type":"if","locations":[{"start":{"line":130,"column":8},"end":{"line":130,"column":8}},{"start":{"line":130,"column":8},"end":{"line":130,"column":8}}]}}},
"contracts/Sale.sol":{"l":{"78":21,"79":21,"80":21,"81":21,"83":21,"84":21,"90":4,"91":1,"94":3,"95":2,"98":1,"99":1,"118":24,"119":1,"123":23,"124":2,"126":21,"127":2,"131":19,"132":19,"135":19,"137":13,"138":1,"141":12,"142":1,"145":11,"146":1,"149":10,"150":1,"152":9,"153":1,"156":8,"157":8,"158":1,"162":7,"163":7,"164":7,"165":7,"167":7,"171":13,"173":10,"174":1,"177":9,"178":2,"181":7,"182":1,"185":6,"186":1,"189":5,"190":5,"191":1,"195":4,"196":4,"197":4,"198":4,"200":4,"204":7,"205":7,"206":7,"207":2,"209":5,"214":7,"216":7,"217":7,"219":4,"220":4,"221":4,"222":4,"225":7,"226":7,"227":2,"228":2,"229":2,"230":2,"234":7,"235":2,"239":5,"240":5,"249":7,"250":7},"path":"/Users/kupermind/dev/autonolas-governance/contracts/Sale.sol","s":{"1":21,"2":21,"3":21,"4":21,"5":21,"6":21,"7":4,"8":3,"9":1,"10":1,"11":24,"12":23,"13":21,"14":19,"15":19,"16":19,"17":13,"18":12,"19":11,"20":10,"21":9,"22":8,"23":8,"24":7,"25":7,"26":7,"27":7,"28":7,"29":13,"30":10,"31":9,"32":7,"33":6,"34":5,"35":5,"36":4,"37":4,"38":4,"39":4,"40":4,"41":7,"42":7,"43":7,"44":5,"45":7,"46":7,"47":7,"48":4,"49":4,"50":4,"51":4,"52":7,"53":7,"54":2,"55":2,"56":2,"57":2,"58":7,"59":5,"60":7,"61":7},"b":{"1":[1,3],"2":[2,1],"3":[1,23],"4":[2,21],"5":[2,19],"6":[1,12],"7":[1,11],"8":[1,10],"9":[1,9],"10":[1,8],"11":[1,7],"12":[1,9],"13":[2,7],"14":[1,6],"15":[1,5],"16":[1,4],"17":[2,5],"18":[4,3],"19":[2,5],"20":[2,5]},"f":{"1":21,"2":4,"3":24,"4":7,"5":7},"fnMap":{"1":{"name":"constructor","line":76,"loc":{"start":{"line":76,"column":4},"end":{"line":85,"column":4}}},"2":{"name":"changeOwner","line":89,"loc":{"start":{"line":89,"column":4},"end":{"line":100,"column":4}}},"3":{"name":"createBalancesFor","line":109,"loc":{"start":{"line":109,"column":4},"end":{"line":210,"column":4}}},"4":{"name":"claim","line":213,"loc":{"start":{"line":213,"column":4},"end":{"line":242,"column":4}}},"5":{"name":"claimableBalances","line":248,"loc":{"start":{"line":248,"column":4},"end":{"line":251,"column":4}}}},"statementMap":{"1":{"start":{"line":78,"column":8},"end":{"line":78,"column":29}},"2":{"start":{"line":79,"column":8},"end":{"line":79,"column":25}},"3":{"start":{"line":80,"column":8},"end":{"line":80,"column":25}},"4":{"start":{"line":81,"column":8},"end":{"line":81,"column":25}},"5":{"start":{"line":83,"column":8},"end":{"line":83,"column":70}},"6":{"start":{"line":84,"column":8},"end":{"line":84,"column":70}},"7":{"start":{"line":90,"column":8},"end":{"line":90,"column":3883}},"8":{"start":{"line":94,"column":8},"end":{"line":94,"column":3966}},"9":{"start":{"line":98,"column":8},"end":{"line":98,"column":23}},"10":{"start":{"line":99,"column":8},"end":{"line":99,"column":35}},"11":{"start":{"line":118,"column":8},"end":{"line":118,"column":4842}},"12":{"start":{"line":123,"column":8},"end":{"line":123,"column":5009}},"13":{"start":{"line":126,"column":8},"end":{"line":126,"column":5189}},"14":{"start":{"line":131,"column":8},"end":{"line":131,"column":25}},"15":{"start":{"line":132,"column":8},"end":{"line":132,"column":25}},"16":{"start":{"line":135,"column":8},"end":{"line":135,"column":5518}},"17":{"start":{"line":137,"column":12},"end":{"line":137,"column":5628}},"18":{"start":{"line":141,"column":12},"end":{"line":141,"column":5770}},"19":{"start":{"line":145,"column":12},"end":{"line":145,"column":5900}},"20":{"start":{"line":149,"column":12},"end":{"line":149,"column":6076}},"21":{"start":{"line":152,"column":12},"end":{"line":152,"column":6218}},"22":{"start":{"line":156,"column":12},"end":{"line":156,"column":72}},"23":{"start":{"line":157,"column":12},"end":{"line":157,"column":6492}},"24":{"start":{"line":162,"column":12},"end":{"line":162,"column":36}},"25":{"start":{"line":163,"column":12},"end":{"line":163,"column":55}},"26":{"start":{"line":164,"column":12},"end":{"line":164,"column":56}},"27":{"start":{"line":165,"column":12},"end":{"line":165,"column":47}},"28":{"start":{"line":167,"column":12},"end":{"line":167,"column":70}},"29":{"start":{"line":171,"column":8},"end":{"line":171,"column":6998}},"30":{"start":{"line":173,"column":12},"end":{"line":173,"column":7108}},"31":{"start":{"line":177,"column":12},"end":{"line":177,"column":7250}},"32":{"start":{"line":181,"column":12},"end":{"line":181,"column":7402}},"33":{"start":{"line":185,"column":12},"end":{"line":185,"column":7584}},"34":{"start":{"line":189,"column":12},"end":{"line":189,"column":72}},"35":{"start":{"line":190,"column":12},"end":{"line":190,"column":7841}},"36":{"start":{"line":195,"column":12},"end":{"line":195,"column":36}},"37":{"start":{"line":196,"column":12},"end":{"line":196,"column":55}},"38":{"start":{"line":197,"column":12},"end":{"line":197,"column":55}},"39":{"start":{"line":198,"column":12},"end":{"line":198,"column":47}},"40":{"start":{"line":200,"column":12},"end":{"line":200,"column":69}},"41":{"start":{"line":204,"column":8},"end":{"line":204,"column":70}},"42":{"start":{"line":205,"column":8},"end":{"line":205,"column":62}},"43":{"start":{"line":206,"column":8},"end":{"line":206,"column":8543}},"44":{"start":{"line":209,"column":8},"end":{"line":209,"column":29}},"45":{"start":{"line":214,"column":8},"end":{"line":214,"column":28}},"46":{"start":{"line":216,"column":8},"end":{"line":216,"column":65}},"47":{"start":{"line":217,"column":8},"end":{"line":217,"column":8994}},"48":{"start":{"line":219,"column":12},"end":{"line":219,"column":55}},"49":{"start":{"line":220,"column":12},"end":{"line":220,"column":113}},"50":{"start":{"line":221,"column":12},"end":{"line":221,"column":53}},"51":{"start":{"line":222,"column":12},"end":{"line":222,"column":98}},"52":{"start":{"line":225,"column":8},"end":{"line":225,"column":40}},"53":{"start":{"line":226,"column":8},"end":{"line":226,"column":9471}},"54":{"start":{"line":227,"column":12},"end":{"line":227,"column":56}},"55":{"start":{"line":228,"column":12},"end":{"line":228,"column":113}},"56":{"start":{"line":229,"column":12},"end":{"line":229,"column":53}},"57":{"start":{"line":230,"column":12},"end":{"line":230,"column":98}},"58":{"start":{"line":234,"column":8},"end":{"line":234,"column":9894}},"59":{"start":{"line":240,"column":12},"end":{"line":240,"column":34}},"60":{"start":{"line":249,"column":8},"end":{"line":249,"column":49}},"61":{"start":{"line":250,"column":8},"end":{"line":250,"column":49}}},"branchMap":{"1":{"line":90,"type":"if","locations":[{"start":{"line":90,"column":8},"end":{"line":90,"column":8}},{"start":{"line":90,"column":8},"end":{"line":90,"column":8}}]},"2":{"line":94,"type":"if","locations":[{"start":{"line":94,"column":8},"end":{"line":94,"column":8}},{"start":{"line":94,"column":8},"end":{"line":94,"column":8}}]},"3":{"line":118,"type":"if","locations":[{"start":{"line":118,"column":8},"end":{"line":118,"column":8}},{"start":{"line":118,"column":8},"end":{"line":118,"column":8}}]},"4":{"line":123,"type":"if","locations":[{"start":{"line":123,"column":8},"end":{"line":123,"column":8}},{"start":{"line":123,"column":8},"end":{"line":123,"column":8}}]},"5":{"line":126,"type":"if","locations":[{"start":{"line":126,"column":8},"end":{"line":126,"column":8}},{"start":{"line":126,"column":8},"end":{"line":126,"column":8}}]},"6":{"line":137,"type":"if","locations":[{"start":{"line":137,"column":12},"end":{"line":137,"column":12}},{"start":{"line":137,"column":12},"end":{"line":137,"column":12}}]},"7":{"line":141,"type":"if","locations":[{"start":{"line":141,"column":12},"end":{"line":141,"column":12}},{"start":{"line":141,"column":12},"end":{"line":141,"column":12}}]},"8":{"line":145,"type":"if","locations":[{"start":{"line":145,"column":12},"end":{"line":145,"column":12}},{"start":{"line":145,"column":12},"end":{"line":145,"column":12}}]},"9":{"line":149,"type":"if","locations":[{"start":{"line":149,"column":12},"end":{"line":149,"column":12}},{"start":{"line":149,"column":12},"end":{"line":149,"column":12}}]},"10":{"line":152,"type":"if","locations":[{"start":{"line":152,"column":12},"end":{"line":152,"column":12}},{"start":{"line":152,"column":12},"end":{"line":152,"column":12}}]},"11":{"line":157,"type":"if","locations":[{"start":{"line":157,"column":12},"end":{"line":157,"column":12}},{"start":{"line":157,"column":12},"end":{"line":157,"column":12}}]},"12":{"line":173,"type":"if","locations":[{"start":{"line":173,"column":12},"end":{"line":173,"column":12}},{"start":{"line":173,"column":12},"end":{"line":173,"column":12}}]},"13":{"line":177,"type":"if","locations":[{"start":{"line":177,"column":12},"end":{"line":177,"column":12}},{"start":{"line":177,"column":12},"end":{"line":177,"column":12}}]},"14":{"line":181,"type":"if","locations":[{"start":{"line":181,"column":12},"end":{"line":181,"column":12}},{"start":{"line":181,"column":12},"end":{"line":181,"column":12}}]},"15":{"line":185,"type":"if","locations":[{"start":{"line":185,"column":12},"end":{"line":185,"column":12}},{"start":{"line":185,"column":12},"end":{"line":185,"column":12}}]},"16":{"line":190,"type":"if","locations":[{"start":{"line":190,"column":12},"end":{"line":190,"column":12}},{"start":{"line":190,"column":12},"end":{"line":190,"column":12}}]},"17":{"line":206,"type":"if","locations":[{"start":{"line":206,"column":8},"end":{"line":206,"column":8}},{"start":{"line":206,"column":8},"end":{"line":206,"column":8}}]},"18":{"line":217,"type":"if","locations":[{"start":{"line":217,"column":8},"end":{"line":217,"column":8}},{"start":{"line":217,"column":8},"end":{"line":217,"column":8}}]},"19":{"line":226,"type":"if","locations":[{"start":{"line":226,"column":8},"end":{"line":226,"column":8}},{"start":{"line":226,"column":8},"end":{"line":226,"column":8}}]},"20":{"line":234,"type":"if","locations":[{"start":{"line":234,"column":8},"end":{"line":234,"column":8}},{"start":{"line":234,"column":8},"end":{"line":234,"column":8}}]}}},
"contracts/test/TokenFactory.sol":{"l":{},"path":"/Users/kupermind/dev/autonolas-governance/contracts/test/TokenFactory.sol","s":{},"b":{},"f":{},"fnMap":{},"statementMap":{},"branchMap":{}},
"contracts/Timelock.sol":{"l":{},"path":"/Users/kupermind/dev/autonolas-governance/contracts/Timelock.sol","s":{},"b":{},"f":{"1":15},"fnMap":{"1":{"name":"constructor","line":10,"loc":{"start":{"line":9,"column":4},"end":{"line":11,"column":5}}}},"statementMap":{},"branchMap":{}},
"contracts/veOLAS.sol":{"l":{"134":81,"135":81,"136":81,"139":81,"146":2,"147":2,"148":2,"156":2,"164":2,"178":40,"179":40,"180":40,"181":40,"182":40,"184":40,"187":39,"188":17,"189":17,"191":39,"192":38,"193":38,"199":39,"200":39,"201":38,"202":16,"204":22,"209":40,"210":40,"211":22,"214":18,"216":40,"219":40,"220":40,"221":40,"224":22,"228":40,"230":40,"231":40,"235":42,"236":42,"238":42,"239":42,"240":40,"242":2,"244":42,"245":42,"246":42,"248":0,"250":42,"252":0,"254":42,"255":42,"257":42,"258":42,"261":42,"262":42,"264":42,"265":40,"266":40,"267":40,"269":2,"274":40,"277":40,"279":39,"280":39,"281":39,"282":0,"284":39,"285":0,"290":40,"292":40,"296":39,"298":17,"299":17,"300":16,"302":17,"305":39,"306":22,"307":22,"311":39,"312":39,"313":39,"314":39,"320":1,"336":38,"337":38,"339":38,"340":38,"341":38,"344":38,"345":38,"348":38,"349":38,"351":38,"352":22,"354":38,"360":38,"361":38,"363":37,"366":38,"367":38,"376":14,"378":14,"379":1,"382":13,"383":1,"386":12,"387":1,"391":11,"392":1,"395":10,"402":21,"412":6,"413":1,"416":5,"426":26,"427":1,"431":25,"432":25,"434":25,"436":25,"437":1,"440":24,"441":1,"444":23,"445":1,"448":22,"449":1,"452":21,"458":10,"460":10,"461":1,"464":9,"465":1,"468":8,"469":1,"473":7,"474":1,"477":6,"483":5,"485":5,"486":5,"489":5,"490":1,"493":4,"494":1,"497":3,"498":1,"501":2,"502":1,"505":1,"510":3,"511":3,"512":2,"514":1,"516":1,"517":1,"518":1,"520":1,"521":1,"522":1,"527":1,"529":1,"530":1,"533":1,"545":30,"546":30,"547":19,"549":11,"550":11,"551":1,"554":10,"555":10,"560":29,"561":60,"562":29,"564":31,"567":31,"568":26,"570":5,"573":31,"574":27,"576":4,"581":29,"582":19,"584":10,"593":17,"594":17,"595":5,"596":5,"597":5,"598":5,"607":5,"614":6,"623":3,"625":3,"626":2,"633":17,"642":17,"643":2,"646":15,"647":15,"649":15,"650":15,"651":15,"652":3,"653":3,"654":3,"656":12,"657":12,"659":15,"660":15,"661":13,"671":10,"674":10,"677":9,"678":9,"679":8,"689":9,"690":9,"692":10,"693":10,"695":10,"696":10,"697":9,"699":1,"701":10,"702":10,"703":9,"705":1,"706":1,"709":9,"710":6,"717":2,"725":2,"727":2,"728":1,"736":3,"737":3,"743":1,"750":7,"752":6,"759":1,"765":1,"770":1,"775":1,"781":1,"787":1,"793":1,"800":1},"path":"/Users/kupermind/dev/autonolas-governance/contracts/veOLAS.sol","s":{"1":81,"2":81,"3":81,"4":81,"5":2,"6":2,"7":2,"8":2,"9":2,"10":40,"11":40,"12":40,"13":40,"14":40,"15":40,"16":39,"17":17,"18":17,"19":39,"20":38,"21":38,"22":39,"23":39,"24":38,"25":16,"26":22,"27":40,"28":40,"29":22,"30":18,"31":40,"32":40,"33":40,"34":40,"35":22,"36":40,"37":40,"38":42,"39":42,"40":42,"41":40,"42":2,"43":42,"44":42,"45":42,"46":0,"47":42,"48":0,"49":42,"50":42,"51":42,"52":42,"53":42,"54":42,"55":40,"56":40,"57":2,"58":40,"59":40,"60":39,"61":39,"62":39,"63":0,"64":39,"65":0,"66":40,"67":40,"68":39,"69":17,"70":17,"71":16,"72":17,"73":39,"74":22,"75":22,"76":39,"77":39,"78":39,"79":39,"80":1,"81":38,"82":38,"83":38,"84":38,"85":38,"86":38,"87":38,"88":38,"89":22,"90":38,"91":38,"92":38,"93":37,"94":38,"95":38,"96":14,"97":14,"98":13,"99":12,"100":11,"101":10,"102":21,"103":6,"104":5,"105":26,"106":25,"107":25,"108":25,"109":24,"110":23,"111":22,"112":21,"113":10,"114":10,"115":9,"116":8,"117":7,"118":6,"119":5,"120":5,"121":5,"122":4,"123":3,"124":2,"125":1,"126":3,"127":3,"128":1,"129":1,"130":1,"131":1,"132":1,"133":1,"134":1,"135":1,"136":1,"137":1,"138":30,"139":30,"140":19,"141":11,"142":11,"143":1,"144":10,"145":29,"146":60,"147":31,"148":31,"149":26,"150":5,"151":31,"152":27,"153":4,"154":29,"155":19,"156":10,"157":17,"158":17,"159":5,"160":5,"161":5,"162":5,"163":5,"164":6,"165":3,"166":3,"167":2,"168":17,"169":17,"170":15,"171":15,"172":15,"173":15,"174":15,"175":3,"176":3,"177":3,"178":12,"179":12,"180":15,"181":15,"182":13,"183":10,"184":10,"185":9,"186":9,"187":8,"188":9,"189":9,"190":10,"191":10,"192":10,"193":9,"194":1,"195":10,"196":10,"197":1,"198":1,"199":9,"200":6,"201":2,"202":2,"203":2,"204":1,"205":3,"206":3,"207":1,"208":7,"209":6,"210":1},"b":{"1":[2,0],"2":[39,1],"3":[17,22],"4":[38,1],"5":[38,1],"6":[16,22],"7":[22,18],"8":[22,18],"9":[40,2],"10":[0,42],"11":[0,42],"12":[40,2],"13":[39,1],"14":[0,39],"15":[0,39],"16":[39,1],"17":[17,22],"18":[16,1],"19":[22,17],"20":[22,16],"21":[37,1],"22":[1,13],"23":[1,12],"24":[1,11],"25":[1,10],"26":[1,5],"27":[1,25],"28":[1,24],"29":[1,23],"30":[1,22],"31":[1,21],"32":[1,9],"33":[1,8],"34":[1,7],"35":[1,6],"36":[1,4],"37":[1,3],"38":[1,2],"39":[1,1],"40":[2,1],"41":[19,11],"42":[1,10],"43":[29,31],"44":[26,5],"45":[27,4],"46":[19,10],"47":[5,12],"48":[5,0],"49":[2,1],"50":[2,15],"51":[3,12],"52":[13,2],"53":[8,1],"54":[9,1],"55":[9,1],"56":[6,3],"57":[1,1]},"f":{"1":81,"2":2,"3":2,"4":2,"5":40,"6":1,"7":38,"8":14,"9":21,"10":6,"11":26,"12":10,"13":5,"14":3,"15":30,"16":17,"17":5,"18":6,"19":3,"20":17,"21":17,"22":10,"23":9,"24":2,"25":2,"26":3,"27":1,"28":7,"29":1,"30":1,"31":1,"32":1,"33":1,"34":1,"35":1,"36":1},"fnMap":{"1":{"name":"constructor","line":132,"loc":{"start":{"line":132,"column":4},"end":{"line":140,"column":4}}},"2":{"name":"getLastUserPoint","line":145,"loc":{"start":{"line":145,"column":4},"end":{"line":150,"column":4}}},"3":{"name":"getNumUserPoints","line":155,"loc":{"start":{"line":155,"column":4},"end":{"line":157,"column":4}}},"4":{"name":"getUserPoint","line":163,"loc":{"start":{"line":163,"column":4},"end":{"line":165,"column":4}}},"5":{"name":"_checkpoint","line":172,"loc":{"start":{"line":172,"column":4},"end":{"line":316,"column":4}}},"6":{"name":"checkpoint","line":319,"loc":{"start":{"line":319,"column":4},"end":{"line":321,"column":4}}},"7":{"name":"_depositFor","line":329,"loc":{"start":{"line":329,"column":4},"end":{"line":368,"column":4}}},"8":{"name":"depositFor","line":375,"loc":{"start":{"line":375,"column":4},"end":{"line":396,"column":4}}},"9":{"name":"createLock","line":401,"loc":{"start":{"line":401,"column":4},"end":{"line":403,"column":4}}},"10":{"name":"createLockFor","line":410,"loc":{"start":{"line":410,"column":4},"end":{"line":417,"column":4}}},"11":{"name":"_createLockFor","line":424,"loc":{"start":{"line":424,"column":4},"end":{"line":453,"column":4}}},"12":{"name":"increaseAmount","line":457,"loc":{"start":{"line":457,"column":4},"end":{"line":478,"column":4}}},"13":{"name":"increaseUnlockTime","line":482,"loc":{"start":{"line":482,"column":4},"end":{"line":506,"column":4}}},"14":{"name":"withdraw","line":509,"loc":{"start":{"line":509,"column":4},"end":{"line":534,"column":4}}},"15":{"name":"_findPointByBlock","line":541,"loc":{"start":{"line":541,"column":4},"end":{"line":586,"column":4}}},"16":{"name":"_balanceOfLocked","line":592,"loc":{"start":{"line":592,"column":4},"end":{"line":601,"column":4}}},"17":{"name":"balanceOf","line":606,"loc":{"start":{"line":606,"column":4},"end":{"line":608,"column":4}}},"18":{"name":"lockedEnd","line":613,"loc":{"start":{"line":613,"column":4},"end":{"line":615,"column":4}}},"19":{"name":"balanceOfAt","line":621,"loc":{"start":{"line":621,"column":4},"end":{"line":628,"column":4}}},"20":{"name":"getVotes","line":632,"loc":{"start":{"line":632,"column":4},"end":{"line":634,"column":4}}},"21":{"name":"_getBlockTime","line":640,"loc":{"start":{"line":640,"column":4},"end":{"line":663,"column":4}}},"22":{"name":"getPastVotes","line":669,"loc":{"start":{"line":669,"column":4},"end":{"line":681,"column":4}}},"23":{"name":"_supplyLockedAt","line":687,"loc":{"start":{"line":687,"column":4},"end":{"line":712,"column":4}}},"24":{"name":"totalSupply","line":716,"loc":{"start":{"line":716,"column":4},"end":{"line":718,"column":4}}},"25":{"name":"totalSupplyAt","line":723,"loc":{"start":{"line":723,"column":4},"end":{"line":730,"column":4}}},"26":{"name":"totalSupplyLockedAtT","line":735,"loc":{"start":{"line":735,"column":4},"end":{"line":738,"column":4}}},"27":{"name":"totalSupplyLocked","line":742,"loc":{"start":{"line":742,"column":4},"end":{"line":744,"column":4}}},"28":{"name":"getPastTotalSupply","line":749,"loc":{"start":{"line":749,"column":4},"end":{"line":753,"column":4}}},"29":{"name":"supportsInterface","line":758,"loc":{"start":{"line":758,"column":4},"end":{"line":761,"column":4}}},"30":{"name":"transfer","line":764,"loc":{"start":{"line":764,"column":4},"end":{"line":766,"column":4}}},"31":{"name":"approve","line":769,"loc":{"start":{"line":769,"column":4},"end":{"line":771,"column":4}}},"32":{"name":"transferFrom","line":774,"loc":{"start":{"line":774,"column":4},"end":{"line":776,"column":4}}},"33":{"name":"allowance","line":779,"loc":{"start":{"line":779,"column":4},"end":{"line":782,"column":4}}},"34":{"name":"delegates","line":785,"loc":{"start":{"line":785,"column":4},"end":{"line":788,"column":4}}},"35":{"name":"delegate","line":791,"loc":{"start":{"line":791,"column":4},"end":{"line":794,"column":4}}},"36":{"name":"delegateBySig","line":797,"loc":{"start":{"line":797,"column":4},"end":{"line":801,"column":4}}}},"statementMap":{"1":{"start":{"line":134,"column":8},"end":{"line":134,"column":21}},"2":{"start":{"line":135,"column":8},"end":{"line":135,"column":19}},"3":{"start":{"line":136,"column":8},"end":{"line":136,"column":23}},"4":{"start":{"line":139,"column":8},"end":{"line":139,"column":95}},"5":{"start":{"line":146,"column":8},"end":{"line":146,"column":63}},"6":{"start":{"line":147,"column":8},"end":{"line":147,"column":6956}},"7":{"start":{"line":148,"column":12},"end":{"line":148,"column":59}},"8":{"start":{"line":156,"column":8},"end":{"line":156,"column":55}},"9":{"start":{"line":164,"column":8},"end":{"line":164,"column":42}},"10":{"start":{"line":178,"column":8},"end":{"line":178,"column":31}},"11":{"start":{"line":179,"column":8},"end":{"line":179,"column":31}},"12":{"start":{"line":180,"column":8},"end":{"line":180,"column":24}},"13":{"start":{"line":181,"column":8},"end":{"line":181,"column":24}},"14":{"start":{"line":182,"column":8},"end":{"line":182,"column":44}},"15":{"start":{"line":184,"column":8},"end":{"line":184,"column":8460}},"16":{"start":{"line":187,"column":12},"end":{"line":187,"column":8594}},"17":{"start":{"line":188,"column":16},"end":{"line":188,"column":63}},"18":{"start":{"line":189,"column":16},"end":{"line":189,"column":100}},"19":{"start":{"line":191,"column":12},"end":{"line":191,"column":8856}},"20":{"start":{"line":192,"column":16},"end":{"line":192,"column":63}},"21":{"start":{"line":193,"column":16},"end":{"line":193,"column":100}},"22":{"start":{"line":199,"column":12},"end":{"line":199,"column":57}},"23":{"start":{"line":200,"column":12},"end":{"line":200,"column":9411}},"24":{"start":{"line":201,"column":16},"end":{"line":201,"column":9460}},"25":{"start":{"line":202,"column":20},"end":{"line":202,"column":40}},"26":{"start":{"line":204,"column":20},"end":{"line":204,"column":65}},"27":{"start":{"line":209,"column":8},"end":{"line":209,"column":36}},"28":{"start":{"line":210,"column":8},"end":{"line":210,"column":9723}},"29":{"start":{"line":211,"column":12},"end":{"line":211,"column":51}},"30":{"start":{"line":214,"column":12},"end":{"line":214,"column":90}},"31":{"start":{"line":216,"column":8},"end":{"line":216,"column":44}},"32":{"start":{"line":219,"column":8},"end":{"line":219,"column":51}},"33":{"start":{"line":220,"column":8},"end":{"line":220,"column":27}},"34":{"start":{"line":221,"column":8},"end":{"line":221,"column":10335}},"35":{"start":{"line":224,"column":12},"end":{"line":224,"column":121}},"36":{"start":{"line":230,"column":12},"end":{"line":230,"column":57}},"37":{"start":{"line":231,"column":12},"end":{"line":231,"column":11046}},"38":{"start":{"line":236,"column":20},"end":{"line":236,"column":32}},"39":{"start":{"line":238,"column":16},"end":{"line":238,"column":29}},"40":{"start":{"line":239,"column":16},"end":{"line":239,"column":11444}},"41":{"start":{"line":240,"column":20},"end":{"line":240,"column":50}},"42":{"start":{"line":242,"column":20},"end":{"line":242,"column":50}},"43":{"start":{"line":244,"column":16},"end":{"line":244,"column":88}},"44":{"start":{"line":245,"column":16},"end":{"line":245,"column":40}},"45":{"start":{"line":246,"column":16},"end":{"line":246,"column":11774}},"46":{"start":{"line":248,"column":20},"end":{"line":248,"column":37}},"47":{"start":{"line":250,"column":16},"end":{"line":250,"column":11981}},"48":{"start":{"line":252,"column":20},"end":{"line":252,"column":38}},"49":{"start":{"line":254,"column":16},"end":{"line":254,"column":37}},"50":{"start":{"line":255,"column":16},"end":{"line":255,"column":35}},"51":{"start":{"line":257,"column":16},"end":{"line":257,"column":129}},"52":{"start":{"line":258,"column":16},"end":{"line":258,"column":55}},"53":{"start":{"line":262,"column":20},"end":{"line":262,"column":35}},"54":{"start":{"line":264,"column":16},"end":{"line":264,"column":12815}},"55":{"start":{"line":265,"column":20},"end":{"line":265,"column":63}},"56":{"start":{"line":266,"column":20},"end":{"line":266,"column":48}},"57":{"start":{"line":269,"column":20},"end":{"line":269,"column":59}},"58":{"start":{"line":274,"column":8},"end":{"line":274,"column":35}},"59":{"start":{"line":277,"column":8},"end":{"line":277,"column":13220}},"60":{"start":{"line":279,"column":12},"end":{"line":279,"column":55}},"61":{"start":{"line":280,"column":12},"end":{"line":280,"column":52}},"62":{"start":{"line":281,"column":12},"end":{"line":281,"column":13501}},"63":{"start":{"line":282,"column":16},"end":{"line":282,"column":34}},"64":{"start":{"line":284,"column":12},"end":{"line":284,"column":13591}},"65":{"start":{"line":285,"column":16},"end":{"line":285,"column":33}},"66":{"start":{"line":290,"column":8},"end":{"line":290,"column":47}},"67":{"start":{"line":292,"column":8},"end":{"line":292,"column":13774}},"68":{"start":{"line":296,"column":12},"end":{"line":296,"column":14011}},"69":{"start":{"line":298,"column":16},"end":{"line":298,"column":38}},"70":{"start":{"line":299,"column":16},"end":{"line":299,"column":14192}},"71":{"start":{"line":300,"column":20},"end":{"line":300,"column":42}},"72":{"start":{"line":302,"column":16},"end":{"line":302,"column":61}},"73":{"start":{"line":305,"column":12},"end":{"line":305,"column":14427}},"74":{"start":{"line":306,"column":16},"end":{"line":306,"column":38}},"75":{"start":{"line":307,"column":16},"end":{"line":307,"column":61}},"76":{"start":{"line":311,"column":12},"end":{"line":311,"column":44}},"77":{"start":{"line":312,"column":12},"end":{"line":312,"column":50}},"78":{"start":{"line":313,"column":12},"end":{"line":313,"column":42}},"79":{"start":{"line":314,"column":12},"end":{"line":314,"column":44}},"80":{"start":{"line":320,"column":8},"end":{"line":320,"column":89}},"81":{"start":{"line":336,"column":8},"end":{"line":336,"column":37}},"82":{"start":{"line":337,"column":8},"end":{"line":337,"column":27}},"83":{"start":{"line":340,"column":12},"end":{"line":340,"column":46}},"84":{"start":{"line":341,"column":12},"end":{"line":341,"column":31}},"85":{"start":{"line":344,"column":8},"end":{"line":344,"column":38}},"86":{"start":{"line":345,"column":8},"end":{"line":345,"column":92}},"87":{"start":{"line":349,"column":12},"end":{"line":349,"column":50}},"88":{"start":{"line":351,"column":8},"end":{"line":351,"column":16350}},"89":{"start":{"line":352,"column":12},"end":{"line":352,"column":53}},"90":{"start":{"line":354,"column":8},"end":{"line":354,"column":49}},"91":{"start":{"line":360,"column":8},"end":{"line":360,"column":75}},"92":{"start":{"line":361,"column":8},"end":{"line":361,"column":16827}},"93":{"start":{"line":363,"column":12},"end":{"line":363,"column":72}},"94":{"start":{"line":366,"column":8},"end":{"line":366,"column":90}},"95":{"start":{"line":367,"column":8},"end":{"line":367,"column":46}},"96":{"start":{"line":376,"column":8},"end":{"line":376,"column":71}},"97":{"start":{"line":378,"column":8},"end":{"line":378,"column":17688}},"98":{"start":{"line":382,"column":8},"end":{"line":382,"column":17806}},"99":{"start":{"line":386,"column":8},"end":{"line":386,"column":17933}},"100":{"start":{"line":391,"column":8},"end":{"line":391,"column":18325}},"101":{"start":{"line":395,"column":8},"end":{"line":395,"column":83}},"102":{"start":{"line":402,"column":8},"end":{"line":402,"column":53}},"103":{"start":{"line":412,"column":8},"end":{"line":412,"column":19307}},"104":{"start":{"line":416,"column":8},"end":{"line":416,"column":50}},"105":{"start":{"line":426,"column":8},"end":{"line":426,"column":19883}},"106":{"start":{"line":432,"column":12},"end":{"line":432,"column":70}},"107":{"start":{"line":434,"column":8},"end":{"line":434,"column":71}},"108":{"start":{"line":436,"column":8},"end":{"line":436,"column":20344}},"109":{"start":{"line":440,"column":8},"end":{"line":440,"column":20520}},"110":{"start":{"line":444,"column":8},"end":{"line":444,"column":20719}},"111":{"start":{"line":448,"column":8},"end":{"line":448,"column":20990}},"112":{"start":{"line":452,"column":8},"end":{"line":452,"column":92}},"113":{"start":{"line":458,"column":8},"end":{"line":458,"column":74}},"114":{"start":{"line":460,"column":8},"end":{"line":460,"column":21541}},"115":{"start":{"line":464,"column":8},"end":{"line":464,"column":21659}},"116":{"start":{"line":468,"column":8},"end":{"line":468,"column":21789}},"117":{"start":{"line":473,"column":8},"end":{"line":473,"column":22151}},"118":{"start":{"line":477,"column":8},"end":{"line":477,"column":90}},"119":{"start":{"line":483,"column":8},"end":{"line":483,"column":74}},"120":{"start":{"line":486,"column":12},"end":{"line":486,"column":70}},"121":{"start":{"line":489,"column":8},"end":{"line":489,"column":22837}},"122":{"start":{"line":493,"column":8},"end":{"line":493,"column":22967}},"123":{"start":{"line":497,"column":8},"end":{"line":497,"column":23169}},"124":{"start":{"line":501,"column":8},"end":{"line":501,"column":23383}},"125":{"start":{"line":505,"column":8},"end":{"line":505,"column":94}},"126":{"start":{"line":510,"column":8},"end":{"line":510,"column":74}},"127":{"start":{"line":511,"column":8},"end":{"line":511,"column":23846}},"128":{"start":{"line":514,"column":8},"end":{"line":514,"column":54}},"129":{"start":{"line":516,"column":8},"end":{"line":516,"column":58}},"130":{"start":{"line":517,"column":8},"end":{"line":517,"column":37}},"131":{"start":{"line":518,"column":8},"end":{"line":518,"column":27}},"132":{"start":{"line":521,"column":12},"end":{"line":521,"column":46}},"133":{"start":{"line":522,"column":12},"end":{"line":522,"column":31}},"134":{"start":{"line":527,"column":8},"end":{"line":527,"column":88}},"135":{"start":{"line":529,"column":8},"end":{"line":529,"column":58}},"136":{"start":{"line":530,"column":8},"end":{"line":530,"column":46}},"137":{"start":{"line":533,"column":8},"end":{"line":533,"column":49}},"138":{"start":{"line":545,"column":8},"end":{"line":545,"column":30}},"139":{"start":{"line":546,"column":8},"end":{"line":546,"column":25407}},"140":{"start":{"line":547,"column":12},"end":{"line":547,"column":42}},"141":{"start":{"line":549,"column":12},"end":{"line":549,"column":57}},"142":{"start":{"line":550,"column":12},"end":{"line":550,"column":25574}},"143":{"start":{"line":551,"column":16},"end":{"line":551,"column":46}},"144":{"start":{"line":555,"column":16},"end":{"line":555,"column":34}},"145":{"start":{"line":560,"column":8},"end":{"line":560,"column":25877}},"146":{"start":{"line":561,"column":12},"end":{"line":561,"column":25929}},"147":{"start":{"line":564,"column":12},"end":{"line":564,"column":67}},"148":{"start":{"line":567,"column":12},"end":{"line":567,"column":26136}},"149":{"start":{"line":568,"column":16},"end":{"line":568,"column":43}},"150":{"start":{"line":570,"column":16},"end":{"line":570,"column":50}},"151":{"start":{"line":573,"column":12},"end":{"line":573,"column":26312}},"152":{"start":{"line":574,"column":16},"end":{"line":574,"column":35}},"153":{"start":{"line":576,"column":16},"end":{"line":576,"column":39}},"154":{"start":{"line":581,"column":8},"end":{"line":581,"column":26518}},"155":{"start":{"line":582,"column":12},"end":{"line":582,"column":50}},"156":{"start":{"line":584,"column":12},"end":{"line":584,"column":57}},"157":{"start":{"line":593,"column":8},"end":{"line":593,"column":59}},"158":{"start":{"line":594,"column":8},"end":{"line":594,"column":27064}},"159":{"start":{"line":595,"column":12},"end":{"line":595,"column":79}},"160":{"start":{"line":596,"column":12},"end":{"line":596,"column":77}},"161":{"start":{"line":597,"column":12},"end":{"line":597,"column":27264}},"162":{"start":{"line":598,"column":16},"end":{"line":598,"column":54}},"163":{"start":{"line":607,"column":8},"end":{"line":607,"column":59}},"164":{"start":{"line":614,"column":8},"end":{"line":614,"column":63}},"165":{"start":{"line":623,"column":8},"end":{"line":623,"column":79}},"166":{"start":{"line":625,"column":8},"end":{"line":625,"column":28522}},"167":{"start":{"line":626,"column":12},"end":{"line":626,"column":44}},"168":{"start":{"line":633,"column":8},"end":{"line":633,"column":65}},"169":{"start":{"line":642,"column":8},"end":{"line":642,"column":29335}},"170":{"start":{"line":646,"column":8},"end":{"line":646,"column":30}},"171":{"start":{"line":647,"column":8},"end":{"line":647,"column":75}},"172":{"start":{"line":649,"column":8},"end":{"line":649,"column":22}},"173":{"start":{"line":650,"column":8},"end":{"line":650,"column":18}},"174":{"start":{"line":651,"column":8},"end":{"line":651,"column":29681}},"175":{"start":{"line":652,"column":12},"end":{"line":652,"column":78}},"176":{"start":{"line":653,"column":12},"end":{"line":653,"column":61}},"177":{"start":{"line":654,"column":12},"end":{"line":654,"column":39}},"178":{"start":{"line":656,"column":12},"end":{"line":656,"column":52}},"179":{"start":{"line":657,"column":12},"end":{"line":657,"column":42}},"180":{"start":{"line":659,"column":8},"end":{"line":659,"column":27}},"181":{"start":{"line":660,"column":8},"end":{"line":660,"column":30071}},"182":{"start":{"line":661,"column":12},"end":{"line":661,"column":73}},"183":{"start":{"line":671,"column":8},"end":{"line":671,"column":79}},"184":{"start":{"line":674,"column":8},"end":{"line":674,"column":58}},"185":{"start":{"line":677,"column":8},"end":{"line":677,"column":88}},"186":{"start":{"line":678,"column":8},"end":{"line":678,"column":30872}},"187":{"start":{"line":679,"column":12},"end":{"line":679,"column":50}},"188":{"start":{"line":689,"column":8},"end":{"line":689,"column":51}},"189":{"start":{"line":690,"column":8},"end":{"line":690,"column":31450}},"190":{"start":{"line":693,"column":16},"end":{"line":693,"column":28}},"191":{"start":{"line":695,"column":12},"end":{"line":695,"column":25}},"192":{"start":{"line":696,"column":12},"end":{"line":696,"column":31649}},"193":{"start":{"line":697,"column":16},"end":{"line":697,"column":25}},"194":{"start":{"line":699,"column":16},"end":{"line":699,"column":46}},"195":{"start":{"line":701,"column":12},"end":{"line":701,"column":89}},"196":{"start":{"line":702,"column":12},"end":{"line":702,"column":31883}},"197":{"start":{"line":705,"column":12},"end":{"line":705,"column":36}},"198":{"start":{"line":706,"column":12},"end":{"line":706,"column":31}},"199":{"start":{"line":709,"column":8},"end":{"line":709,"column":32027}},"200":{"start":{"line":710,"column":12},"end":{"line":710,"column":53}},"201":{"start":{"line":717,"column":8},"end":{"line":717,"column":21}},"202":{"start":{"line":725,"column":8},"end":{"line":725,"column":82}},"203":{"start":{"line":727,"column":8},"end":{"line":727,"column":32836}},"204":{"start":{"line":728,"column":12},"end":{"line":728,"column":45}},"205":{"start":{"line":736,"column":8},"end":{"line":736,"column":70}},"206":{"start":{"line":737,"column":8},"end":{"line":737,"column":53}},"207":{"start":{"line":743,"column":8},"end":{"line":743,"column":52}},"208":{"start":{"line":750,"column":8},"end":{"line":750,"column":83}},"209":{"start":{"line":752,"column":8},"end":{"line":752,"column":57}},"210":{"start":{"line":759,"column":8},"end":{"line":759,"column":34364}}},"branchMap":{"1":{"line":147,"type":"if","locations":[{"start":{"line":147,"column":8},"end":{"line":147,"column":8}},{"start":{"line":147,"column":8},"end":{"line":147,"column":8}}]},"2":{"line":184,"type":"if","locations":[{"start":{"line":184,"column":8},"end":{"line":184,"column":8}},{"start":{"line":184,"column":8},"end":{"line":184,"column":8}}]},"3":{"line":187,"type":"if","locations":[{"start":{"line":187,"column":12},"end":{"line":187,"column":12}},{"start":{"line":187,"column":12},"end":{"line":187,"column":12}}]},"4":{"line":191,"type":"if","locations":[{"start":{"line":191,"column":12},"end":{"line":191,"column":12}},{"start":{"line":191,"column":12},"end":{"line":191,"column":12}}]},"5":{"line":200,"type":"if","locations":[{"start":{"line":200,"column":12},"end":{"line":200,"column":12}},{"start":{"line":200,"column":12},"end":{"line":200,"column":12}}]},"6":{"line":201,"type":"if","locations":[{"start":{"line":201,"column":16},"end":{"line":201,"column":16}},{"start":{"line":201,"column":16},"end":{"line":201,"column":16}}]},"7":{"line":210,"type":"if","locations":[{"start":{"line":210,"column":8},"end":{"line":210,"column":8}},{"start":{"line":210,"column":8},"end":{"line":210,"column":8}}]},"8":{"line":221,"type":"if","locations":[{"start":{"line":221,"column":8},"end":{"line":221,"column":8}},{"start":{"line":221,"column":8},"end":{"line":221,"column":8}}]},"9":{"line":239,"type":"if","locations":[{"start":{"line":239,"column":16},"end":{"line":239,"column":16}},{"start":{"line":239,"column":16},"end":{"line":239,"column":16}}]},"10":{"line":246,"type":"if","locations":[{"start":{"line":246,"column":16},"end":{"line":246,"column":16}},{"start":{"line":246,"column":16},"end":{"line":246,"column":16}}]},"11":{"line":250,"type":"if","locations":[{"start":{"line":250,"column":16},"end":{"line":250,"column":16}},{"start":{"line":250,"column":16},"end":{"line":250,"column":16}}]},"12":{"line":264,"type":"if","locations":[{"start":{"line":264,"column":16},"end":{"line":264,"column":16}},{"start":{"line":264,"column":16},"end":{"line":264,"column":16}}]},"13":{"line":277,"type":"if","locations":[{"start":{"line":277,"column":8},"end":{"line":277,"column":8}},{"start":{"line":277,"column":8},"end":{"line":277,"column":8}}]},"14":{"line":281,"type":"if","locations":[{"start":{"line":281,"column":12},"end":{"line":281,"column":12}},{"start":{"line":281,"column":12},"end":{"line":281,"column":12}}]},"15":{"line":284,"type":"if","locations":[{"start":{"line":284,"column":12},"end":{"line":284,"column":12}},{"start":{"line":284,"column":12},"end":{"line":284,"column":12}}]},"16":{"line":292,"type":"if","locations":[{"start":{"line":292,"column":8},"end":{"line":292,"column":8}},{"start":{"line":292,"column":8},"end":{"line":292,"column":8}}]},"17":{"line":296,"type":"if","locations":[{"start":{"line":296,"column":12},"end":{"line":296,"column":12}},{"start":{"line":296,"column":12},"end":{"line":296,"column":12}}]},"18":{"line":299,"type":"if","locations":[{"start":{"line":299,"column":16},"end":{"line":299,"column":16}},{"start":{"line":299,"column":16},"end":{"line":299,"column":16}}]},"19":{"line":305,"type":"if","locations":[{"start":{"line":305,"column":12},"end":{"line":305,"column":12}},{"start":{"line":305,"column":12},"end":{"line":305,"column":12}}]},"20":{"line":351,"type":"if","locations":[{"start":{"line":351,"column":8},"end":{"line":351,"column":8}},{"start":{"line":351,"column":8},"end":{"line":351,"column":8}}]},"21":{"line":361,"type":"if","locations":[{"start":{"line":361,"column":8},"end":{"line":361,"column":8}},{"start":{"line":361,"column":8},"end":{"line":361,"column":8}}]},"22":{"line":378,"type":"if","locations":[{"start":{"line":378,"column":8},"end":{"line":378,"column":8}},{"start":{"line":378,"column":8},"end":{"line":378,"column":8}}]},"23":{"line":382,"type":"if","locations":[{"start":{"line":382,"column":8},"end":{"line":382,"column":8}},{"start":{"line":382,"column":8},"end":{"line":382,"column":8}}]},"24":{"line":386,"type":"if","locations":[{"start":{"line":386,"column":8},"end":{"line":386,"column":8}},{"start":{"line":386,"column":8},"end":{"line":386,"column":8}}]},"25":{"line":391,"type":"if","locations":[{"start":{"line":391,"column":8},"end":{"line":391,"column":8}},{"start":{"line":391,"column":8},"end":{"line":391,"column":8}}]},"26":{"line":412,"type":"if","locations":[{"start":{"line":412,"column":8},"end":{"line":412,"column":8}},{"start":{"line":412,"column":8},"end":{"line":412,"column":8}}]},"27":{"line":426,"type":"if","locations":[{"start":{"line":426,"column":8},"end":{"line":426,"column":8}},{"start":{"line":426,"column":8},"end":{"line":426,"column":8}}]},"28":{"line":436,"type":"if","locations":[{"start":{"line":436,"column":8},"end":{"line":436,"column":8}},{"start":{"line":436,"column":8},"end":{"line":436,"column":8}}]},"29":{"line":440,"type":"if","locations":[{"start":{"line":440,"column":8},"end":{"line":440,"column":8}},{"start":{"line":440,"column":8},"end":{"line":440,"column":8}}]},"30":{"line":444,"type":"if","locations":[{"start":{"line":444,"column":8},"end":{"line":444,"column":8}},{"start":{"line":444,"column":8},"end":{"line":444,"column":8}}]},"31":{"line":448,"type":"if","locations":[{"start":{"line":448,"column":8},"end":{"line":448,"column":8}},{"start":{"line":448,"column":8},"end":{"line":448,"column":8}}]},"32":{"line":460,"type":"if","locations":[{"start":{"line":460,"column":8},"end":{"line":460,"column":8}},{"start":{"line":460,"column":8},"end":{"line":460,"column":8}}]},"33":{"line":464,"type":"if","locations":[{"start":{"line":464,"column":8},"end":{"line":464,"column":8}},{"start":{"line":464,"column":8},"end":{"line":464,"column":8}}]},"34":{"line":468,"type":"if","locations":[{"start":{"line":468,"column":8},"end":{"line":468,"column":8}},{"start":{"line":468,"column":8},"end":{"line":468,"column":8}}]},"35":{"line":473,"type":"if","locations":[{"start":{"line":473,"column":8},"end":{"line":473,"column":8}},{"start":{"line":473,"column":8},"end":{"line":473,"column":8}}]},"36":{"line":489,"type":"if","locations":[{"start":{"line":489,"column":8},"end":{"line":489,"column":8}},{"start":{"line":489,"column":8},"end":{"line":489,"column":8}}]},"37":{"line":493,"type":"if","locations":[{"start":{"line":493,"column":8},"end":{"line":493,"column":8}},{"start":{"line":493,"column":8},"end":{"line":493,"column":8}}]},"38":{"line":497,"type":"if","locations":[{"start":{"line":497,"column":8},"end":{"line":497,"column":8}},{"start":{"line":497,"column":8},"end":{"line":497,"column":8}}]},"39":{"line":501,"type":"if","locations":[{"start":{"line":501,"column":8},"end":{"line":501,"column":8}},{"start":{"line":501,"column":8},"end":{"line":501,"column":8}}]},"40":{"line":511,"type":"if","locations":[{"start":{"line":511,"column":8},"end":{"line":511,"column":8}},{"start":{"line":511,"column":8},"end":{"line":511,"column":8}}]},"41":{"line":546,"type":"if","locations":[{"start":{"line":546,"column":8},"end":{"line":546,"column":8}},{"start":{"line":546,"column":8},"end":{"line":546,"column":8}}]},"42":{"line":550,"type":"if","locations":[{"start":{"line":550,"column":12},"end":{"line":550,"column":12}},{"start":{"line":550,"column":12},"end":{"line":550,"column":12}}]},"43":{"line":561,"type":"if","locations":[{"start":{"line":561,"column":12},"end":{"line":561,"column":12}},{"start":{"line":561,"column":12},"end":{"line":561,"column":12}}]},"44":{"line":567,"type":"if","locations":[{"start":{"line":567,"column":12},"end":{"line":567,"column":12}},{"start":{"line":567,"column":12},"end":{"line":567,"column":12}}]},"45":{"line":573,"type":"if","locations":[{"start":{"line":573,"column":12},"end":{"line":573,"column":12}},{"start":{"line":573,"column":12},"end":{"line":573,"column":12}}]},"46":{"line":581,"type":"if","locations":[{"start":{"line":581,"column":8},"end":{"line":581,"column":8}},{"start":{"line":581,"column":8},"end":{"line":581,"column":8}}]},"47":{"line":594,"type":"if","locations":[{"start":{"line":594,"column":8},"end":{"line":594,"column":8}},{"start":{"line":594,"column":8},"end":{"line":594,"column":8}}]},"48":{"line":597,"type":"if","locations":[{"start":{"line":597,"column":12},"end":{"line":597,"column":12}},{"start":{"line":597,"column":12},"end":{"line":597,"column":12}}]},"49":{"line":625,"type":"if","locations":[{"start":{"line":625,"column":8},"end":{"line":625,"column":8}},{"start":{"line":625,"column":8},"end":{"line":625,"column":8}}]},"50":{"line":642,"type":"if","locations":[{"start":{"line":642,"column":8},"end":{"line":642,"column":8}},{"start":{"line":642,"column":8},"end":{"line":642,"column":8}}]},"51":{"line":651,"type":"if","locations":[{"start":{"line":651,"column":8},"end":{"line":651,"column":8}},{"start":{"line":651,"column":8},"end":{"line":651,"column":8}}]},"52":{"line":660,"type":"if","locations":[{"start":{"line":660,"column":8},"end":{"line":660,"column":8}},{"start":{"line":660,"column":8},"end":{"line":660,"column":8}}]},"53":{"line":678,"type":"if","locations":[{"start":{"line":678,"column":8},"end":{"line":678,"column":8}},{"start":{"line":678,"column":8},"end":{"line":678,"column":8}}]},"54":{"line":696,"type":"if","locations":[{"start":{"line":696,"column":12},"end":{"line":696,"column":12}},{"start":{"line":696,"column":12},"end":{"line":696,"column":12}}]},"55":{"line":702,"type":"if","locations":[{"start":{"line":702,"column":12},"end":{"line":702,"column":12}},{"start":{"line":702,"column":12},"end":{"line":702,"column":12}}]},"56":{"line":709,"type":"if","locations":[{"start":{"line":709,"column":8},"end":{"line":709,"column":8}},{"start":{"line":709,"column":8},"end":{"line":709,"column":8}}]},"57":{"line":727,"type":"if","locations":[{"start":{"line":727,"column":8},"end":{"line":727,"column":8}},{"start":{"line":727,"column":8},"end":{"line":727,"column":8}}]}}}}
