TN:
SF:/Users/kupermind/dev/autonolas-governance/contracts/buOLAS.sol
FN:67,constructor
FN:77,changeOwner
FN:95,createLockFor
FN:152,withdraw
FN:211,revoke
FN:241,balanceOf
FN:255,totalSupply
FN:262,releasableAmount
FN:270,_releasableAmount
FN:303,lockedEnd
FN:310,supportsInterface
FN:315,transfer
FN:320,approve
FN:325,transferFrom
FN:330,allowance
FNF:15
FNH:15
FNDA:54,constructor
FNDA:4,changeOwner
FNDA:15,createLockFor
FNDA:11,withdraw
FNDA:4,revoke
FNDA:8,balanceOf
FNDA:7,totalSupply
FNDA:9,releasableAmount
FNDA:22,_releasableAmount
FNDA:3,lockedEnd
FNDA:1,supportsInterface
FNDA:1,transfer
FNDA:1,approve
FNDA:1,transferFrom
FNDA:1,allowance
DA:69,54
DA:70,54
DA:71,54
DA:72,54
DA:78,4
DA:79,2
DA:82,2
DA:83,1
DA:86,1
DA:87,1
DA:97,15
DA:98,1
DA:101,14
DA:102,1
DA:105,13
DA:106,1
DA:109,12
DA:110,1
DA:113,11
DA:115,11
DA:116,1
DA:119,10
DA:120,1
DA:123,9
DA:125,9
DA:126,1
DA:130,8
DA:131,8
DA:132,8
DA:133,8
DA:136,8
DA:137,8
DA:139,8
DA:140,8
DA:141,8
DA:145,8
DA:147,8
DA:148,8
DA:153,11
DA:155,11
DA:157,10
DA:159,10
DA:160,2
DA:163,8
DA:164,8
DA:166,8
DA:167,5
DA:170,5
DA:173,5
DA:174,2
DA:176,3
DA:180,3
DA:182,3
DA:183,2
DA:185,2
DA:187,2
DA:189,2
DA:192,3
DA:196,8
DA:197,8
DA:198,8
DA:201,8
DA:202,8
DA:205,8
DA:213,4
DA:214,1
DA:217,3
DA:218,3
DA:219,3
DA:222,3
DA:224,3
DA:225,3
DA:228,3
DA:230,3
DA:232,3
DA:234,3
DA:242,8
DA:244,8
DA:246,4
DA:249,4
DA:256,7
DA:263,9
DA:264,9
DA:272,22
DA:273,9
DA:276,13
DA:278,13
DA:280,13
DA:281,13
DA:282,13
DA:286,13
DA:288,4
DA:289,4
DA:293,9
DA:294,9
DA:295,9
DA:304,3
DA:311,1
DA:316,1
DA:321,1
DA:326,1
DA:332,1
LF:102
LH:102
BRDA:78,1,0,2
BRDA:78,1,1,2
BRDA:82,2,0,1
BRDA:82,2,1,1
BRDA:97,3,0,1
BRDA:97,3,1,14
BRDA:101,4,0,1
BRDA:101,4,1,13
BRDA:105,5,0,1
BRDA:105,5,1,12
BRDA:109,6,0,1
BRDA:109,6,1,11
BRDA:115,7,0,1
BRDA:115,7,1,10
BRDA:119,8,0,1
BRDA:119,8,1,9
BRDA:125,9,0,1
BRDA:125,9,1,8
BRDA:155,10,0,10
BRDA:155,10,1,1
BRDA:159,11,0,2
BRDA:159,11,1,8
BRDA:166,12,0,5
BRDA:166,12,1,3
BRDA:173,13,0,2
BRDA:173,13,1,3
BRDA:182,14,0,2
BRDA:182,14,1,1
BRDA:213,15,0,1
BRDA:213,15,1,3
BRDA:244,16,0,4
BRDA:244,16,1,4
BRDA:272,17,0,9
BRDA:272,17,1,13
BRDA:286,18,0,4
BRDA:286,18,1,9
BRF:36
BRH:36
end_of_record
TN:
SF:/Users/kupermind/dev/autonolas-governance/contracts/GovernorOLAS.sol
FN:26,constructor
FN:31,state
FN:43,propose
FN:55,proposalThreshold
FN:66,_execute
FN:83,_cancel
FN:95,_executor
FN:103,supportsInterface
FNF:8
FNH:8
FNDA:12,constructor
FNDA:7,state
FNDA:4,propose
FNDA:4,proposalThreshold
FNDA:1,_execute
FNDA:1,_cancel
FNDA:7,_executor
FNDA:1,supportsInterface
DA:34,7
DA:50,4
DA:57,4
DA:74,1
DA:90,1
DA:97,7
DA:106,1
LF:7
LH:7
BRF:0
BRH:0
end_of_record
TN:
SF:/Users/kupermind/dev/autonolas-governance/contracts/interfaces/IErrors.sol
FNF:0
FNH:0
LF:0
LH:0
BRF:0
BRH:0
end_of_record
TN:
SF:/Users/kupermind/dev/autonolas-governance/contracts/OLAS.sol
FN:35,constructor
FN:46,changeOwner
FN:61,changeMinter
FN:77,mint
FN:92,inflationControl
FN:99,inflationRemainder
FN:119,burn
FN:127,decreaseAllowance
FN:143,increaseAllowance
FNF:9
FNH:9
FNDA:156,constructor
FNDA:4,changeOwner
FNDA:17,changeMinter
FNDA:59,mint
FNDA:58,inflationControl
FNDA:58,inflationRemainder
FNDA:4,burn
FNDA:2,decreaseAllowance
FNDA:1,increaseAllowance
DA:36,156
DA:37,156
DA:38,156
DA:39,156
DA:40,42
DA:47,4
DA:48,2
DA:51,2
DA:52,1
DA:55,1
DA:56,1
DA:62,17
DA:63,1
DA:66,16
DA:67,1
DA:70,15
DA:71,15
DA:79,59
DA:80,1
DA:84,58
DA:85,54
DA:93,58
DA:94,58
DA:100,58
DA:102,58
DA:104,58
DA:106,58
DA:108,4
DA:109,4
DA:110,10
DA:114,58
DA:120,4
DA:128,2
DA:130,2
DA:131,1
DA:132,1
DA:133,1
DA:136,2
DA:144,1
DA:146,1
DA:147,1
DA:148,1
DA:150,1
LF:43
LH:43
BRDA:39,1,0,42
BRDA:39,1,1,114
BRDA:47,2,0,2
BRDA:47,2,1,2
BRDA:51,3,0,1
BRDA:51,3,1,1
BRDA:62,4,0,1
BRDA:62,4,1,16
BRDA:66,5,0,1
BRDA:66,5,1,15
BRDA:79,6,0,1
BRDA:79,6,1,58
BRDA:84,7,0,54
BRDA:84,7,1,4
BRDA:106,8,0,4
BRDA:106,8,1,54
BRDA:130,9,0,1
BRDA:130,9,1,1
BRF:18
BRH:18
end_of_record
TN:
SF:/Users/kupermind/dev/autonolas-governance/contracts/Sale.sol
FN:76,constructor
FN:89,changeOwner
FN:109,createBalancesFor
FN:213,claim
FN:248,claimableBalances
FNF:5
FNH:5
FNDA:21,constructor
FNDA:4,changeOwner
FNDA:24,createBalancesFor
FNDA:7,claim
FNDA:7,claimableBalances
DA:78,21
DA:79,21
DA:80,21
DA:81,21
DA:83,21
DA:84,21
DA:90,4
DA:91,1
DA:94,3
DA:95,2
DA:98,1
DA:99,1
DA:118,24
DA:119,1
DA:123,23
DA:124,2
DA:126,21
DA:127,2
DA:131,19
DA:132,19
DA:135,19
DA:137,13
DA:138,1
DA:141,12
DA:142,1
DA:145,11
DA:146,1
DA:149,10
DA:150,1
DA:152,9
DA:153,1
DA:156,8
DA:157,8
DA:158,1
DA:162,7
DA:163,7
DA:164,7
DA:165,7
DA:167,7
DA:171,13
DA:173,10
DA:174,1
DA:177,9
DA:178,2
DA:181,7
DA:182,1
DA:185,6
DA:186,1
DA:189,5
DA:190,5
DA:191,1
DA:195,4
DA:196,4
DA:197,4
DA:198,4
DA:200,4
DA:204,7
DA:205,7
DA:206,7
DA:207,2
DA:209,5
DA:214,7
DA:216,7
DA:217,7
DA:219,4
DA:220,4
DA:221,4
DA:222,4
DA:225,7
DA:226,7
DA:227,2
DA:228,2
DA:229,2
DA:230,2
DA:234,7
DA:235,2
DA:239,5
DA:240,5
DA:249,7
DA:250,7
LF:80
LH:80
BRDA:90,1,0,1
BRDA:90,1,1,3
BRDA:94,2,0,2
BRDA:94,2,1,1
BRDA:118,3,0,1
BRDA:118,3,1,23
BRDA:123,4,0,2
BRDA:123,4,1,21
BRDA:126,5,0,2
BRDA:126,5,1,19
BRDA:137,6,0,1
BRDA:137,6,1,12
BRDA:141,7,0,1
BRDA:141,7,1,11
BRDA:145,8,0,1
BRDA:145,8,1,10
BRDA:149,9,0,1
BRDA:149,9,1,9
BRDA:152,10,0,1
BRDA:152,10,1,8
BRDA:157,11,0,1
BRDA:157,11,1,7
BRDA:173,12,0,1
BRDA:173,12,1,9
BRDA:177,13,0,2
BRDA:177,13,1,7
BRDA:181,14,0,1
BRDA:181,14,1,6
BRDA:185,15,0,1
BRDA:185,15,1,5
BRDA:190,16,0,1
BRDA:190,16,1,4
BRDA:206,17,0,2
BRDA:206,17,1,5
BRDA:217,18,0,4
BRDA:217,18,1,3
BRDA:226,19,0,2
BRDA:226,19,1,5
BRDA:234,20,0,2
BRDA:234,20,1,5
BRF:40
BRH:40
end_of_record
TN:
SF:/Users/kupermind/dev/autonolas-governance/contracts/test/TokenFactory.sol
FNF:0
FNH:0
LF:0
LH:0
BRF:0
BRH:0
end_of_record
TN:
SF:/Users/kupermind/dev/autonolas-governance/contracts/Timelock.sol
FN:10,constructor
FNF:1
FNH:1
FNDA:15,constructor
LF:0
LH:0
BRF:0
BRH:0
end_of_record
TN:
SF:/Users/kupermind/dev/autonolas-governance/contracts/veOLAS.sol
FN:132,constructor
FN:145,getLastUserPoint
FN:155,getNumUserPoints
FN:163,getUserPoint
FN:172,_checkpoint
FN:319,checkpoint
FN:329,_depositFor
FN:375,depositFor
FN:401,createLock
FN:410,createLockFor
FN:424,_createLockFor
FN:457,increaseAmount
FN:482,increaseUnlockTime
FN:509,withdraw
FN:541,_findPointByBlock
FN:592,_balanceOfLocked
FN:606,balanceOf
FN:613,lockedEnd
FN:621,balanceOfAt
FN:632,getVotes
FN:640,_getBlockTime
FN:669,getPastVotes
FN:687,_supplyLockedAt
FN:716,totalSupply
FN:723,totalSupplyAt
FN:735,totalSupplyLockedAtT
FN:742,totalSupplyLocked
FN:749,getPastTotalSupply
FN:758,supportsInterface
FN:764,transfer
FN:769,approve
FN:774,transferFrom
FN:779,allowance
FN:785,delegates
FN:791,delegate
FN:797,delegateBySig
FNF:36
FNH:36
FNDA:81,constructor
FNDA:2,getLastUserPoint
FNDA:2,getNumUserPoints
FNDA:2,getUserPoint
FNDA:40,_checkpoint
FNDA:1,checkpoint
FNDA:38,_depositFor
FNDA:14,depositFor
FNDA:21,createLock
FNDA:6,createLockFor
FNDA:26,_createLockFor
FNDA:10,increaseAmount
FNDA:5,increaseUnlockTime
FNDA:3,withdraw
FNDA:30,_findPointByBlock
FNDA:17,_balanceOfLocked
FNDA:5,balanceOf
FNDA:6,lockedEnd
FNDA:3,balanceOfAt
FNDA:17,getVotes
FNDA:17,_getBlockTime
FNDA:10,getPastVotes
FNDA:9,_supplyLockedAt
FNDA:2,totalSupply
FNDA:2,totalSupplyAt
FNDA:3,totalSupplyLockedAtT
FNDA:1,totalSupplyLocked
FNDA:7,getPastTotalSupply
FNDA:1,supportsInterface
FNDA:1,transfer
FNDA:1,approve
FNDA:1,transferFrom
FNDA:1,allowance
FNDA:1,delegates
FNDA:1,delegate
FNDA:1,delegateBySig
DA:134,81
DA:135,81
DA:136,81
DA:139,81
DA:146,2
DA:147,2
DA:148,2
DA:156,2
DA:164,2
DA:178,40
DA:179,40
DA:180,40
DA:181,40
DA:182,40
DA:184,40
DA:187,39
DA:188,17
DA:189,17
DA:191,39
DA:192,38
DA:193,38
DA:199,39
DA:200,39
DA:201,38
DA:202,16
DA:204,22
DA:209,40
DA:210,40
DA:211,22
DA:214,18
DA:216,40
DA:219,40
DA:220,40
DA:221,40
DA:224,22
DA:228,40
DA:230,40
DA:231,40
DA:235,42
DA:236,42
DA:238,42
DA:239,42
DA:240,40
DA:242,2
DA:244,42
DA:245,42
DA:246,42
DA:248,0
DA:250,42
DA:252,0
DA:254,42
DA:255,42
DA:257,42
DA:258,42
DA:261,42
DA:262,42
DA:264,42
DA:265,40
DA:266,40
DA:267,40
DA:269,2
DA:274,40
DA:277,40
DA:279,39
DA:280,39
DA:281,39
DA:282,0
DA:284,39
DA:285,0
DA:290,40
DA:292,40
DA:296,39
DA:298,17
DA:299,17
DA:300,16
DA:302,17
DA:305,39
DA:306,22
DA:307,22
DA:311,39
DA:312,39
DA:313,39
DA:314,39
DA:320,1
DA:336,38
DA:337,38
DA:339,38
DA:340,38
DA:341,38
DA:344,38
DA:345,38
DA:348,38
DA:349,38
DA:351,38
DA:352,22
DA:354,38
DA:360,38
DA:361,38
DA:363,37
DA:366,38
DA:367,38
DA:376,14
DA:378,14
DA:379,1
DA:382,13
DA:383,1
DA:386,12
DA:387,1
DA:391,11
DA:392,1
DA:395,10
DA:402,21
DA:412,6
DA:413,1
DA:416,5
DA:426,26
DA:427,1
DA:431,25
DA:432,25
DA:434,25
DA:436,25
DA:437,1
DA:440,24
DA:441,1
DA:444,23
DA:445,1
DA:448,22
DA:449,1
DA:452,21
DA:458,10
DA:460,10
DA:461,1
DA:464,9
DA:465,1
DA:468,8
DA:469,1
DA:473,7
DA:474,1
DA:477,6
DA:483,5
DA:485,5
DA:486,5
DA:489,5
DA:490,1
DA:493,4
DA:494,1
DA:497,3
DA:498,1
DA:501,2
DA:502,1
DA:505,1
DA:510,3
DA:511,3
DA:512,2
DA:514,1
DA:516,1
DA:517,1
DA:518,1
DA:520,1
DA:521,1
DA:522,1
DA:527,1
DA:529,1
DA:530,1
DA:533,1
DA:545,30
DA:546,30
DA:547,19
DA:549,11
DA:550,11
DA:551,1
DA:554,10
DA:555,10
DA:560,29
DA:561,60
DA:562,29
DA:564,31
DA:567,31
DA:568,26
DA:570,5
DA:573,31
DA:574,27
DA:576,4
DA:581,29
DA:582,19
DA:584,10
DA:593,17
DA:594,17
DA:595,5
DA:596,5
DA:597,5
DA:598,5
DA:607,5
DA:614,6
DA:623,3
DA:625,3
DA:626,2
DA:633,17
DA:642,17
DA:643,2
DA:646,15
DA:647,15
DA:649,15
DA:650,15
DA:651,15
DA:652,3
DA:653,3
DA:654,3
DA:656,12
DA:657,12
DA:659,15
DA:660,15
DA:661,13
DA:671,10
DA:674,10
DA:677,9
DA:678,9
DA:679,8
DA:689,9
DA:690,9
DA:692,10
DA:693,10
DA:695,10
DA:696,10
DA:697,9
DA:699,1
DA:701,10
DA:702,10
DA:703,9
DA:705,1
DA:706,1
DA:709,9
DA:710,6
DA:717,2
DA:725,2
DA:727,2
DA:728,1
DA:736,3
DA:737,3
DA:743,1
DA:750,7
DA:752,6
DA:759,1
DA:765,1
DA:770,1
DA:775,1
DA:781,1
DA:787,1
DA:793,1
DA:800,1
LF:250
LH:246
BRDA:147,1,0,2
BRDA:147,1,1,0
BRDA:184,2,0,39
BRDA:184,2,1,1
BRDA:187,3,0,17
BRDA:187,3,1,22
BRDA:191,4,0,38
BRDA:191,4,1,1
BRDA:200,5,0,38
BRDA:200,5,1,1
BRDA:201,6,0,16
BRDA:201,6,1,22
BRDA:210,7,0,22
BRDA:210,7,1,18
BRDA:221,8,0,22
BRDA:221,8,1,18
BRDA:239,9,0,40
BRDA:239,9,1,2
BRDA:246,10,0,0
BRDA:246,10,1,42
BRDA:250,11,0,0
BRDA:250,11,1,42
BRDA:264,12,0,40
BRDA:264,12,1,2
BRDA:277,13,0,39
BRDA:277,13,1,1
BRDA:281,14,0,0
BRDA:281,14,1,39
BRDA:284,15,0,0
BRDA:284,15,1,39
BRDA:292,16,0,39
BRDA:292,16,1,1
BRDA:296,17,0,17
BRDA:296,17,1,22
BRDA:299,18,0,16
BRDA:299,18,1,1
BRDA:305,19,0,22
BRDA:305,19,1,17
BRDA:351,20,0,22
BRDA:351,20,1,16
BRDA:361,21,0,37
BRDA:361,21,1,1
BRDA:378,22,0,1
BRDA:378,22,1,13
BRDA:382,23,0,1
BRDA:382,23,1,12
BRDA:386,24,0,1
BRDA:386,24,1,11
BRDA:391,25,0,1
BRDA:391,25,1,10
BRDA:412,26,0,1
BRDA:412,26,1,5
BRDA:426,27,0,1
BRDA:426,27,1,25
BRDA:436,28,0,1
BRDA:436,28,1,24
BRDA:440,29,0,1
BRDA:440,29,1,23
BRDA:444,30,0,1
BRDA:444,30,1,22
BRDA:448,31,0,1
BRDA:448,31,1,21
BRDA:460,32,0,1
BRDA:460,32,1,9
BRDA:464,33,0,1
BRDA:464,33,1,8
BRDA:468,34,0,1
BRDA:468,34,1,7
BRDA:473,35,0,1
BRDA:473,35,1,6
BRDA:489,36,0,1
BRDA:489,36,1,4
BRDA:493,37,0,1
BRDA:493,37,1,3
BRDA:497,38,0,1
BRDA:497,38,1,2
BRDA:501,39,0,1
BRDA:501,39,1,1
BRDA:511,40,0,2
BRDA:511,40,1,1
BRDA:546,41,0,19
BRDA:546,41,1,11
BRDA:550,42,0,1
BRDA:550,42,1,10
BRDA:561,43,0,29
BRDA:561,43,1,31
BRDA:567,44,0,26
BRDA:567,44,1,5
BRDA:573,45,0,27
BRDA:573,45,1,4
BRDA:581,46,0,19
BRDA:581,46,1,10
BRDA:594,47,0,5
BRDA:594,47,1,12
BRDA:597,48,0,5
BRDA:597,48,1,0
BRDA:625,49,0,2
BRDA:625,49,1,1
BRDA:642,50,0,2
BRDA:642,50,1,15
BRDA:651,51,0,3
BRDA:651,51,1,12
BRDA:660,52,0,13
BRDA:660,52,1,2
BRDA:678,53,0,8
BRDA:678,53,1,1
BRDA:696,54,0,9
BRDA:696,54,1,1
BRDA:702,55,0,9
BRDA:702,55,1,1
BRDA:709,56,0,6
BRDA:709,56,1,3
BRDA:727,57,0,1
BRDA:727,57,1,1
BRF:114
BRH:108
end_of_record
