{
"contracts/buOLA.sol":{"l":{"71":15,"72":15,"73":15,"74":15,"80":0,"81":0,"84":0,"85":0,"88":0,"89":0,"99":8,"100":0,"102":8,"105":8,"106":1,"109":7,"110":1,"113":6,"114":1,"117":5,"118":1,"121":4,"123":4,"124":0,"127":4,"128":0,"131":4,"133":4,"134":1,"138":3,"139":3,"140":3,"141":3,"144":3,"145":3,"147":3,"148":3,"149":3,"153":3,"154":3,"155":0,"158":3,"159":3,"161":3,"167":5,"168":0,"170":5,"172":5,"173":5,"175":5,"177":5,"178":2,"181":3,"182":3,"184":3,"185":2,"188":2,"191":2,"192":1,"194":1,"198":1,"199":1,"201":1,"202":1,"206":1,"207":1,"208":1,"212":3,"213":3,"214":3,"217":3,"218":3,"220":3,"221":3,"222":0,"225":3,"232":1,"233":0,"236":1,"237":1,"238":1,"241":1,"243":1,"245":1,"247":1,"249":1,"257":4,"259":4,"261":2,"264":2,"271":4,"278":5,"279":5,"287":11,"288":3,"291":8,"293":8,"295":8,"296":8,"297":8,"301":8,"303":2,"304":2,"308":6,"309":6,"310":6,"319":1,"326":0,"331":1,"336":1,"341":1,"347":1},"path":"/home/andrey/valory/audit-process/projects/autonolas-governance/contracts/buOLA.sol","s":{"1":15,"2":15,"3":15,"4":15,"5":0,"6":0,"7":0,"8":0,"9":8,"10":8,"11":8,"12":7,"13":6,"14":5,"15":4,"16":4,"17":4,"18":4,"19":4,"20":3,"21":3,"22":3,"23":3,"24":3,"25":3,"26":3,"27":3,"28":3,"29":3,"30":3,"31":3,"32":3,"33":5,"34":5,"35":5,"36":5,"37":5,"38":5,"39":3,"40":3,"41":3,"42":2,"43":2,"44":1,"45":1,"46":1,"47":1,"48":1,"49":1,"50":1,"51":1,"52":3,"53":3,"54":3,"55":3,"56":3,"57":3,"58":3,"59":1,"60":1,"61":1,"62":1,"63":1,"64":1,"65":1,"66":1,"67":1,"68":4,"69":4,"70":2,"71":2,"72":4,"73":5,"74":5,"75":11,"76":3,"77":8,"78":8,"79":8,"80":8,"81":8,"82":2,"83":6,"84":6,"85":1,"86":0},"b":{"1":[0,0],"2":[0,0],"3":[0,8],"4":[1,7],"5":[1,6],"6":[1,5],"7":[1,4],"8":[0,4],"9":[0,4],"10":[1,3],"11":[0,3],"12":[0,5],"13":[5,0],"14":[2,3],"15":[2,1],"16":[1,1],"17":[0,3],"18":[0,1],"19":[2,2],"20":[3,8],"21":[2,6]},"f":{"1":15,"2":0,"3":8,"4":5,"5":1,"6":4,"7":4,"8":5,"9":11,"10":1,"11":0,"12":1,"13":1,"14":1,"15":1},"fnMap":{"1":{"name":"constructor","line":69,"loc":{"start":{"line":69,"column":4},"end":{"line":75,"column":4}}},"2":{"name":"changeOwner","line":79,"loc":{"start":{"line":79,"column":4},"end":{"line":90,"column":4}}},"3":{"name":"createLockFor","line":97,"loc":{"start":{"line":97,"column":4},"end":{"line":162,"column":4}}},"4":{"name":"withdraw","line":165,"loc":{"start":{"line":165,"column":4},"end":{"line":226,"column":4}}},"5":{"name":"revoke","line":230,"loc":{"start":{"line":230,"column":4},"end":{"line":251,"column":4}}},"6":{"name":"balanceOf","line":256,"loc":{"start":{"line":256,"column":4},"end":{"line":266,"column":4}}},"7":{"name":"totalSupply","line":270,"loc":{"start":{"line":270,"column":4},"end":{"line":272,"column":4}}},"8":{"name":"releasableAmount","line":277,"loc":{"start":{"line":277,"column":4},"end":{"line":280,"column":4}}},"9":{"name":"_releasableAmount","line":285,"loc":{"start":{"line":285,"column":4},"end":{"line":313,"column":4}}},"10":{"name":"lockedEnd","line":318,"loc":{"start":{"line":318,"column":4},"end":{"line":320,"column":4}}},"11":{"name":"supportsInterface","line":325,"loc":{"start":{"line":325,"column":4},"end":{"line":327,"column":4}}},"12":{"name":"transfer","line":330,"loc":{"start":{"line":330,"column":4},"end":{"line":332,"column":4}}},"13":{"name":"approve","line":335,"loc":{"start":{"line":335,"column":4},"end":{"line":337,"column":4}}},"14":{"name":"transferFrom","line":340,"loc":{"start":{"line":340,"column":4},"end":{"line":342,"column":4}}},"15":{"name":"allowance","line":345,"loc":{"start":{"line":345,"column":4},"end":{"line":348,"column":4}}}},"statementMap":{"1":{"start":{"line":71,"column":8},"end":{"line":71,"column":21}},"2":{"start":{"line":72,"column":8},"end":{"line":72,"column":19}},"3":{"start":{"line":73,"column":8},"end":{"line":73,"column":23}},"4":{"start":{"line":74,"column":8},"end":{"line":74,"column":25}},"5":{"start":{"line":80,"column":8},"end":{"line":80,"column":2810}},"6":{"start":{"line":84,"column":8},"end":{"line":84,"column":2893}},"7":{"start":{"line":88,"column":8},"end":{"line":88,"column":23}},"8":{"start":{"line":89,"column":8},"end":{"line":89,"column":35}},"9":{"start":{"line":99,"column":8},"end":{"line":99,"column":3475}},"10":{"start":{"line":102,"column":8},"end":{"line":102,"column":17}},"11":{"start":{"line":105,"column":8},"end":{"line":105,"column":3610}},"12":{"start":{"line":109,"column":8},"end":{"line":109,"column":3730}},"13":{"start":{"line":113,"column":8},"end":{"line":113,"column":3860}},"14":{"start":{"line":117,"column":8},"end":{"line":117,"column":3976}},"15":{"start":{"line":121,"column":8},"end":{"line":121,"column":76}},"16":{"start":{"line":123,"column":8},"end":{"line":123,"column":4318}},"17":{"start":{"line":127,"column":8},"end":{"line":127,"column":4550}},"18":{"start":{"line":131,"column":8},"end":{"line":131,"column":71}},"19":{"start":{"line":133,"column":8},"end":{"line":133,"column":4800}},"20":{"start":{"line":138,"column":8},"end":{"line":138,"column":52}},"21":{"start":{"line":139,"column":8},"end":{"line":139,"column":45}},"22":{"start":{"line":140,"column":8},"end":{"line":140,"column":50}},"23":{"start":{"line":141,"column":8},"end":{"line":141,"column":49}},"24":{"start":{"line":144,"column":8},"end":{"line":144,"column":37}},"25":{"start":{"line":145,"column":8},"end":{"line":145,"column":27}},"26":{"start":{"line":148,"column":12},"end":{"line":148,"column":46}},"27":{"start":{"line":149,"column":12},"end":{"line":149,"column":31}},"28":{"start":{"line":153,"column":8},"end":{"line":153,"column":84}},"29":{"start":{"line":154,"column":8},"end":{"line":154,"column":5676}},"30":{"start":{"line":158,"column":8},"end":{"line":158,"column":63}},"31":{"start":{"line":159,"column":8},"end":{"line":159,"column":46}},"32":{"start":{"line":161,"column":8},"end":{"line":161,"column":17}},"33":{"start":{"line":167,"column":8},"end":{"line":167,"column":6051}},"34":{"start":{"line":170,"column":8},"end":{"line":170,"column":17}},"35":{"start":{"line":172,"column":8},"end":{"line":172,"column":74}},"36":{"start":{"line":173,"column":8},"end":{"line":173,"column":6222}},"37":{"start":{"line":175,"column":12},"end":{"line":175,"column":61}},"38":{"start":{"line":177,"column":12},"end":{"line":177,"column":6447}},"39":{"start":{"line":181,"column":12},"end":{"line":181,"column":41}},"40":{"start":{"line":182,"column":12},"end":{"line":182,"column":46}},"41":{"start":{"line":184,"column":12},"end":{"line":184,"column":6795}},"42":{"start":{"line":188,"column":20},"end":{"line":188,"column":65}},"43":{"start":{"line":191,"column":16},"end":{"line":191,"column":7226}},"44":{"start":{"line":192,"column":20},"end":{"line":192,"column":76}},"45":{"start":{"line":194,"column":20},"end":{"line":194,"column":64}},"46":{"start":{"line":198,"column":16},"end":{"line":198,"column":34}},"47":{"start":{"line":201,"column":20},"end":{"line":201,"column":98}},"48":{"start":{"line":202,"column":20},"end":{"line":202,"column":58}},"49":{"start":{"line":206,"column":16},"end":{"line":206,"column":43}},"50":{"start":{"line":207,"column":16},"end":{"line":207,"column":72}},"51":{"start":{"line":208,"column":16},"end":{"line":208,"column":66}},"52":{"start":{"line":213,"column":16},"end":{"line":213,"column":36}},"53":{"start":{"line":214,"column":16},"end":{"line":214,"column":35}},"54":{"start":{"line":217,"column":12},"end":{"line":217,"column":62}},"55":{"start":{"line":218,"column":12},"end":{"line":218,"column":50}},"56":{"start":{"line":220,"column":12},"end":{"line":220,"column":69}},"57":{"start":{"line":221,"column":12},"end":{"line":221,"column":8579}},"58":{"start":{"line":225,"column":8},"end":{"line":225,"column":17}},"59":{"start":{"line":232,"column":8},"end":{"line":232,"column":8939}},"60":{"start":{"line":236,"column":8},"end":{"line":236,"column":9036}},"61":{"start":{"line":237,"column":12},"end":{"line":237,"column":41}},"62":{"start":{"line":238,"column":12},"end":{"line":238,"column":75}},"63":{"start":{"line":241,"column":12},"end":{"line":241,"column":68}},"64":{"start":{"line":243,"column":12},"end":{"line":243,"column":63}},"65":{"start":{"line":245,"column":12},"end":{"line":245,"column":32}},"66":{"start":{"line":247,"column":12},"end":{"line":247,"column":53}},"67":{"start":{"line":249,"column":12},"end":{"line":249,"column":102}},"68":{"start":{"line":257,"column":8},"end":{"line":257,"column":71}},"69":{"start":{"line":259,"column":8},"end":{"line":259,"column":10176}},"70":{"start":{"line":261,"column":12},"end":{"line":261,"column":58}},"71":{"start":{"line":264,"column":12},"end":{"line":264,"column":87}},"72":{"start":{"line":271,"column":8},"end":{"line":271,"column":21}},"73":{"start":{"line":278,"column":8},"end":{"line":278,"column":71}},"74":{"start":{"line":279,"column":8},"end":{"line":279,"column":48}},"75":{"start":{"line":287,"column":8},"end":{"line":287,"column":11433}},"76":{"start":{"line":288,"column":12},"end":{"line":288,"column":47}},"77":{"start":{"line":291,"column":8},"end":{"line":291,"column":23}},"78":{"start":{"line":293,"column":8},"end":{"line":293,"column":28}},"79":{"start":{"line":296,"column":12},"end":{"line":296,"column":75}},"80":{"start":{"line":297,"column":12},"end":{"line":297,"column":86}},"81":{"start":{"line":301,"column":8},"end":{"line":301,"column":12024}},"82":{"start":{"line":304,"column":16},"end":{"line":304,"column":90}},"83":{"start":{"line":309,"column":16},"end":{"line":309,"column":86}},"84":{"start":{"line":310,"column":16},"end":{"line":310,"column":62}},"85":{"start":{"line":319,"column":8},"end":{"line":319,"column":59}},"86":{"start":{"line":326,"column":8},"end":{"line":326,"column":54}}},"branchMap":{"1":{"line":80,"type":"if","locations":[{"start":{"line":80,"column":8},"end":{"line":80,"column":8}},{"start":{"line":80,"column":8},"end":{"line":80,"column":8}}]},"2":{"line":84,"type":"if","locations":[{"start":{"line":84,"column":8},"end":{"line":84,"column":8}},{"start":{"line":84,"column":8},"end":{"line":84,"column":8}}]},"3":{"line":99,"type":"if","locations":[{"start":{"line":99,"column":8},"end":{"line":99,"column":8}},{"start":{"line":99,"column":8},"end":{"line":99,"column":8}}]},"4":{"line":105,"type":"if","locations":[{"start":{"line":105,"column":8},"end":{"line":105,"column":8}},{"start":{"line":105,"column":8},"end":{"line":105,"column":8}}]},"5":{"line":109,"type":"if","locations":[{"start":{"line":109,"column":8},"end":{"line":109,"column":8}},{"start":{"line":109,"column":8},"end":{"line":109,"column":8}}]},"6":{"line":113,"type":"if","locations":[{"start":{"line":113,"column":8},"end":{"line":113,"column":8}},{"start":{"line":113,"column":8},"end":{"line":113,"column":8}}]},"7":{"line":117,"type":"if","locations":[{"start":{"line":117,"column":8},"end":{"line":117,"column":8}},{"start":{"line":117,"column":8},"end":{"line":117,"column":8}}]},"8":{"line":123,"type":"if","locations":[{"start":{"line":123,"column":8},"end":{"line":123,"column":8}},{"start":{"line":123,"column":8},"end":{"line":123,"column":8}}]},"9":{"line":127,"type":"if","locations":[{"start":{"line":127,"column":8},"end":{"line":127,"column":8}},{"start":{"line":127,"column":8},"end":{"line":127,"column":8}}]},"10":{"line":133,"type":"if","locations":[{"start":{"line":133,"column":8},"end":{"line":133,"column":8}},{"start":{"line":133,"column":8},"end":{"line":133,"column":8}}]},"11":{"line":154,"type":"if","locations":[{"start":{"line":154,"column":8},"end":{"line":154,"column":8}},{"start":{"line":154,"column":8},"end":{"line":154,"column":8}}]},"12":{"line":167,"type":"if","locations":[{"start":{"line":167,"column":8},"end":{"line":167,"column":8}},{"start":{"line":167,"column":8},"end":{"line":167,"column":8}}]},"13":{"line":173,"type":"if","locations":[{"start":{"line":173,"column":8},"end":{"line":173,"column":8}},{"start":{"line":173,"column":8},"end":{"line":173,"column":8}}]},"14":{"line":177,"type":"if","locations":[{"start":{"line":177,"column":12},"end":{"line":177,"column":12}},{"start":{"line":177,"column":12},"end":{"line":177,"column":12}}]},"15":{"line":184,"type":"if","locations":[{"start":{"line":184,"column":12},"end":{"line":184,"column":12}},{"start":{"line":184,"column":12},"end":{"line":184,"column":12}}]},"16":{"line":191,"type":"if","locations":[{"start":{"line":191,"column":16},"end":{"line":191,"column":16}},{"start":{"line":191,"column":16},"end":{"line":191,"column":16}}]},"17":{"line":221,"type":"if","locations":[{"start":{"line":221,"column":12},"end":{"line":221,"column":12}},{"start":{"line":221,"column":12},"end":{"line":221,"column":12}}]},"18":{"line":232,"type":"if","locations":[{"start":{"line":232,"column":8},"end":{"line":232,"column":8}},{"start":{"line":232,"column":8},"end":{"line":232,"column":8}}]},"19":{"line":259,"type":"if","locations":[{"start":{"line":259,"column":8},"end":{"line":259,"column":8}},{"start":{"line":259,"column":8},"end":{"line":259,"column":8}}]},"20":{"line":287,"type":"if","locations":[{"start":{"line":287,"column":8},"end":{"line":287,"column":8}},{"start":{"line":287,"column":8},"end":{"line":287,"column":8}}]},"21":{"line":301,"type":"if","locations":[{"start":{"line":301,"column":8},"end":{"line":301,"column":8}},{"start":{"line":301,"column":8},"end":{"line":301,"column":8}}]}}},
"contracts/GovernorOLA.sol":{"l":{"34":3,"50":3,"57":3,"74":1,"90":0,"97":7,"106":1},"path":"/home/andrey/valory/audit-process/projects/autonolas-governance/contracts/GovernorOLA.sol","s":{"1":3,"2":3,"3":3,"4":1,"5":0,"6":7,"7":1},"b":{},"f":{"1":9,"2":3,"3":3,"4":3,"5":1,"6":0,"7":7,"8":1},"fnMap":{"1":{"name":"constructor","line":26,"loc":{"start":{"line":14,"column":4},"end":{"line":27,"column":5}}},"2":{"name":"state","line":31,"loc":{"start":{"line":31,"column":4},"end":{"line":35,"column":4}}},"3":{"name":"propose","line":43,"loc":{"start":{"line":43,"column":4},"end":{"line":51,"column":4}}},"4":{"name":"proposalThreshold","line":55,"loc":{"start":{"line":55,"column":4},"end":{"line":58,"column":4}}},"5":{"name":"_execute","line":66,"loc":{"start":{"line":66,"column":4},"end":{"line":75,"column":4}}},"6":{"name":"_cancel","line":83,"loc":{"start":{"line":83,"column":4},"end":{"line":91,"column":4}}},"7":{"name":"_executor","line":95,"loc":{"start":{"line":95,"column":4},"end":{"line":98,"column":4}}},"8":{"name":"supportsInterface","line":103,"loc":{"start":{"line":103,"column":4},"end":{"line":107,"column":4}}}},"statementMap":{"1":{"start":{"line":34,"column":8},"end":{"line":34,"column":38}},"2":{"start":{"line":50,"column":8},"end":{"line":50,"column":69}},"3":{"start":{"line":57,"column":8},"end":{"line":57,"column":40}},"4":{"start":{"line":74,"column":8},"end":{"line":74,"column":78}},"5":{"start":{"line":90,"column":8},"end":{"line":90,"column":73}},"6":{"start":{"line":97,"column":8},"end":{"line":97,"column":32}},"7":{"start":{"line":106,"column":8},"end":{"line":106,"column":51}}},"branchMap":{}},
"contracts/interfaces/IErrors.sol":{"l":{},"path":"/home/andrey/valory/audit-process/projects/autonolas-governance/contracts/interfaces/IErrors.sol","s":{},"b":{},"f":{},"fnMap":{},"statementMap":{},"branchMap":{}},
"contracts/OLA.sol":{"l":{"36":93,"37":93,"38":93,"39":93,"40":27,"47":0,"48":0,"51":0,"52":0,"55":0,"56":0,"62":9,"63":0,"66":9,"67":9,"75":35,"76":1,"80":34,"81":30,"89":34,"90":34,"96":34,"98":34,"100":34,"102":34,"104":4,"105":4,"106":10,"110":34,"116":3,"124":0,"126":0,"127":0,"128":0,"129":0,"132":0,"140":0,"142":0,"143":0,"144":0,"146":0},"path":"/home/andrey/valory/audit-process/projects/autonolas-governance/contracts/OLA.sol","s":{"1":93,"2":93,"3":93,"4":93,"5":27,"6":0,"7":0,"8":0,"9":0,"10":9,"11":9,"12":9,"13":35,"14":34,"15":30,"16":34,"17":34,"18":34,"19":34,"20":34,"21":34,"22":4,"23":4,"24":10,"25":34,"26":3,"27":0,"28":0,"29":0,"30":0,"31":0,"32":0,"33":0,"34":0,"35":0,"36":0,"37":0},"b":{"1":[27,66],"2":[0,0],"3":[0,0],"4":[0,9],"5":[1,34],"6":[30,4],"7":[4,30],"8":[0,0]},"f":{"1":93,"2":0,"3":9,"4":35,"5":34,"6":34,"7":3,"8":0,"9":0},"fnMap":{"1":{"name":"constructor","line":35,"loc":{"start":{"line":35,"column":4},"end":{"line":42,"column":4}}},"2":{"name":"changeOwner","line":46,"loc":{"start":{"line":46,"column":4},"end":{"line":57,"column":4}}},"3":{"name":"changeMinter","line":61,"loc":{"start":{"line":61,"column":4},"end":{"line":68,"column":4}}},"4":{"name":"mint","line":73,"loc":{"start":{"line":73,"column":4},"end":{"line":83,"column":4}}},"5":{"name":"inflationControl","line":88,"loc":{"start":{"line":88,"column":4},"end":{"line":91,"column":4}}},"6":{"name":"inflationRemainder","line":95,"loc":{"start":{"line":95,"column":4},"end":{"line":111,"column":4}}},"7":{"name":"burn","line":115,"loc":{"start":{"line":115,"column":4},"end":{"line":117,"column":4}}},"8":{"name":"decreaseAllowance","line":123,"loc":{"start":{"line":123,"column":4},"end":{"line":133,"column":4}}},"9":{"name":"increaseAllowance","line":139,"loc":{"start":{"line":139,"column":4},"end":{"line":147,"column":4}}}},"statementMap":{"1":{"start":{"line":36,"column":8},"end":{"line":36,"column":25}},"2":{"start":{"line":37,"column":8},"end":{"line":37,"column":26}},"3":{"start":{"line":38,"column":8},"end":{"line":38,"column":35}},"4":{"start":{"line":39,"column":8},"end":{"line":39,"column":1318}},"5":{"start":{"line":40,"column":12},"end":{"line":40,"column":37}},"6":{"start":{"line":47,"column":8},"end":{"line":47,"column":1544}},"7":{"start":{"line":51,"column":8},"end":{"line":51,"column":1627}},"8":{"start":{"line":55,"column":8},"end":{"line":55,"column":23}},"9":{"start":{"line":56,"column":8},"end":{"line":56,"column":35}},"10":{"start":{"line":62,"column":8},"end":{"line":62,"column":1941}},"11":{"start":{"line":66,"column":8},"end":{"line":66,"column":25}},"12":{"start":{"line":67,"column":8},"end":{"line":67,"column":37}},"13":{"start":{"line":75,"column":8},"end":{"line":75,"column":2311}},"14":{"start":{"line":80,"column":8},"end":{"line":80,"column":2459}},"15":{"start":{"line":81,"column":12},"end":{"line":81,"column":33}},"16":{"start":{"line":89,"column":8},"end":{"line":89,"column":48}},"17":{"start":{"line":90,"column":8},"end":{"line":90,"column":36}},"18":{"start":{"line":96,"column":8},"end":{"line":96,"column":42}},"19":{"start":{"line":98,"column":8},"end":{"line":98,"column":67}},"20":{"start":{"line":100,"column":8},"end":{"line":100,"column":44}},"21":{"start":{"line":102,"column":8},"end":{"line":102,"column":3428}},"22":{"start":{"line":104,"column":12},"end":{"line":104,"column":24}},"23":{"start":{"line":105,"column":12},"end":{"line":105,"column":3575}},"24":{"start":{"line":106,"column":16},"end":{"line":106,"column":66}},"25":{"start":{"line":110,"column":8},"end":{"line":110,"column":43}},"26":{"start":{"line":116,"column":8},"end":{"line":116,"column":32}},"27":{"start":{"line":124,"column":8},"end":{"line":124,"column":65}},"28":{"start":{"line":126,"column":8},"end":{"line":126,"column":4378}},"29":{"start":{"line":127,"column":12},"end":{"line":127,"column":37}},"30":{"start":{"line":128,"column":12},"end":{"line":128,"column":60}},"31":{"start":{"line":129,"column":12},"end":{"line":129,"column":64}},"32":{"start":{"line":132,"column":8},"end":{"line":132,"column":19}},"33":{"start":{"line":140,"column":8},"end":{"line":140,"column":65}},"34":{"start":{"line":142,"column":8},"end":{"line":142,"column":33}},"35":{"start":{"line":143,"column":8},"end":{"line":143,"column":56}},"36":{"start":{"line":144,"column":8},"end":{"line":144,"column":60}},"37":{"start":{"line":146,"column":8},"end":{"line":146,"column":19}}},"branchMap":{"1":{"line":39,"type":"if","locations":[{"start":{"line":39,"column":8},"end":{"line":39,"column":8}},{"start":{"line":39,"column":8},"end":{"line":39,"column":8}}]},"2":{"line":47,"type":"if","locations":[{"start":{"line":47,"column":8},"end":{"line":47,"column":8}},{"start":{"line":47,"column":8},"end":{"line":47,"column":8}}]},"3":{"line":51,"type":"if","locations":[{"start":{"line":51,"column":8},"end":{"line":51,"column":8}},{"start":{"line":51,"column":8},"end":{"line":51,"column":8}}]},"4":{"line":62,"type":"if","locations":[{"start":{"line":62,"column":8},"end":{"line":62,"column":8}},{"start":{"line":62,"column":8},"end":{"line":62,"column":8}}]},"5":{"line":75,"type":"if","locations":[{"start":{"line":75,"column":8},"end":{"line":75,"column":8}},{"start":{"line":75,"column":8},"end":{"line":75,"column":8}}]},"6":{"line":80,"type":"if","locations":[{"start":{"line":80,"column":8},"end":{"line":80,"column":8}},{"start":{"line":80,"column":8},"end":{"line":80,"column":8}}]},"7":{"line":102,"type":"if","locations":[{"start":{"line":102,"column":8},"end":{"line":102,"column":8}},{"start":{"line":102,"column":8},"end":{"line":102,"column":8}}]},"8":{"line":126,"type":"if","locations":[{"start":{"line":126,"column":8},"end":{"line":126,"column":8}},{"start":{"line":126,"column":8},"end":{"line":126,"column":8}}]}}},
"contracts/test/TokenFactory.sol":{"l":{},"path":"/home/andrey/valory/audit-process/projects/autonolas-governance/contracts/test/TokenFactory.sol","s":{},"b":{},"f":{},"fnMap":{},"statementMap":{},"branchMap":{}},
"contracts/Timelock.sol":{"l":{},"path":"/home/andrey/valory/audit-process/projects/autonolas-governance/contracts/Timelock.sol","s":{},"b":{},"f":{"1":12},"fnMap":{"1":{"name":"constructor","line":10,"loc":{"start":{"line":9,"column":4},"end":{"line":11,"column":5}}}},"statementMap":{},"branchMap":{}},
"contracts/VotingEscrow.sol":{"l":{"137":51,"138":51,"139":51,"142":51,"149":2,"150":2,"151":2,"159":2,"167":2,"181":34,"182":34,"183":34,"184":34,"185":34,"187":34,"190":33,"191":16,"192":16,"194":33,"195":32,"196":32,"202":33,"203":33,"204":32,"205":15,"207":17,"212":34,"213":34,"214":20,"217":14,"219":34,"222":34,"223":34,"224":34,"227":20,"231":34,"233":34,"234":34,"238":36,"239":36,"241":36,"242":36,"243":34,"245":2,"247":36,"248":36,"249":36,"251":0,"253":36,"255":0,"257":36,"258":36,"260":36,"261":36,"264":36,"265":36,"267":36,"268":34,"269":34,"270":34,"272":2,"277":34,"280":34,"282":33,"283":33,"284":33,"285":0,"287":33,"288":0,"293":34,"295":34,"299":33,"301":16,"302":16,"303":15,"305":16,"308":33,"309":17,"310":17,"314":33,"315":33,"316":33,"317":33,"323":1,"339":32,"340":32,"342":32,"343":32,"344":32,"347":32,"348":32,"351":32,"352":32,"354":32,"355":17,"357":32,"363":32,"364":32,"366":31,"367":31,"368":0,"372":32,"373":32,"383":13,"384":0,"386":13,"388":13,"390":13,"391":1,"394":12,"395":1,"398":11,"399":1,"403":10,"404":0,"407":10,"408":10,"415":19,"425":2,"426":1,"429":1,"439":20,"440":0,"442":20,"445":20,"446":1,"450":19,"451":19,"453":19,"455":19,"456":1,"459":18,"460":1,"463":17,"464":1,"467":16,"468":0,"471":16,"473":16,"480":8,"481":0,"483":8,"485":8,"487":8,"488":1,"491":7,"492":1,"495":6,"496":1,"500":5,"501":0,"504":5,"505":5,"512":5,"513":0,"515":5,"517":5,"519":5,"520":5,"523":5,"524":1,"527":4,"528":1,"531":3,"532":1,"535":2,"536":1,"539":1,"540":1,"546":3,"547":0,"549":3,"551":3,"552":3,"553":2,"555":1,"557":1,"558":1,"559":1,"561":1,"562":1,"563":1,"568":1,"570":1,"571":1,"573":1,"574":1,"575":0,"577":1,"589":19,"590":19,"591":10,"593":9,"594":9,"595":1,"598":8,"599":8,"604":18,"605":39,"606":18,"608":21,"611":21,"612":18,"614":3,"617":21,"618":17,"620":4,"625":18,"626":10,"628":8,"637":16,"638":16,"639":5,"640":5,"641":5,"642":5,"651":1,"658":2,"667":2,"669":2,"670":2,"677":16,"686":11,"687":2,"690":9,"691":9,"693":9,"694":9,"695":9,"696":3,"697":3,"698":3,"700":6,"701":6,"703":9,"704":9,"705":9,"715":7,"718":7,"721":6,"722":6,"723":6,"733":5,"734":5,"736":6,"737":6,"739":6,"740":6,"741":5,"743":1,"745":6,"746":6,"747":5,"749":1,"750":1,"753":5,"754":4,"761":2,"769":1,"771":1,"772":1,"780":2,"781":2,"787":1,"794":4,"796":3,"803":0,"808":1,"813":1,"818":1,"824":1,"830":1,"836":1,"843":1},"path":"/home/andrey/valory/audit-process/projects/autonolas-governance/contracts/VotingEscrow.sol","s":{"1":51,"2":51,"3":51,"4":51,"5":2,"6":2,"7":2,"8":2,"9":2,"10":34,"11":34,"12":34,"13":34,"14":34,"15":34,"16":33,"17":16,"18":16,"19":33,"20":32,"21":32,"22":33,"23":33,"24":32,"25":15,"26":17,"27":34,"28":34,"29":20,"30":14,"31":34,"32":34,"33":34,"34":34,"35":20,"36":34,"37":34,"38":36,"39":36,"40":36,"41":34,"42":2,"43":36,"44":36,"45":36,"46":0,"47":36,"48":0,"49":36,"50":36,"51":36,"52":36,"53":36,"54":36,"55":34,"56":34,"57":2,"58":34,"59":34,"60":33,"61":33,"62":33,"63":0,"64":33,"65":0,"66":34,"67":34,"68":33,"69":16,"70":16,"71":15,"72":16,"73":33,"74":17,"75":17,"76":33,"77":33,"78":33,"79":33,"80":1,"81":32,"82":32,"83":32,"84":32,"85":32,"86":32,"87":32,"88":32,"89":17,"90":32,"91":32,"92":32,"93":31,"94":31,"95":32,"96":32,"97":13,"98":13,"99":13,"100":13,"101":12,"102":11,"103":10,"104":10,"105":10,"106":19,"107":2,"108":1,"109":20,"110":20,"111":20,"112":19,"113":19,"114":19,"115":18,"116":17,"117":16,"118":16,"119":16,"120":8,"121":8,"122":8,"123":8,"124":7,"125":6,"126":5,"127":5,"128":5,"129":5,"130":5,"131":5,"132":5,"133":5,"134":4,"135":3,"136":2,"137":1,"138":1,"139":3,"140":3,"141":3,"142":3,"143":1,"144":1,"145":1,"146":1,"147":1,"148":1,"149":1,"150":1,"151":1,"152":1,"153":1,"154":1,"155":19,"156":19,"157":10,"158":9,"159":9,"160":1,"161":8,"162":18,"163":39,"164":21,"165":21,"166":18,"167":3,"168":21,"169":17,"170":4,"171":18,"172":10,"173":8,"174":16,"175":16,"176":5,"177":5,"178":5,"179":5,"180":1,"181":2,"182":2,"183":2,"184":2,"185":16,"186":11,"187":9,"188":9,"189":9,"190":9,"191":9,"192":3,"193":3,"194":3,"195":6,"196":6,"197":9,"198":9,"199":9,"200":7,"201":7,"202":6,"203":6,"204":6,"205":5,"206":5,"207":6,"208":6,"209":6,"210":5,"211":1,"212":6,"213":6,"214":1,"215":1,"216":5,"217":4,"218":2,"219":1,"220":1,"221":1,"222":2,"223":2,"224":1,"225":4,"226":3,"227":0},"b":{"1":[2,0],"2":[33,1],"3":[16,17],"4":[32,1],"5":[32,1],"6":[15,17],"7":[20,14],"8":[20,14],"9":[34,2],"10":[0,36],"11":[0,36],"12":[34,2],"13":[33,1],"14":[0,33],"15":[0,33],"16":[33,1],"17":[16,17],"18":[15,1],"19":[17,16],"20":[17,15],"21":[31,1],"22":[0,31],"23":[0,13],"24":[1,12],"25":[1,11],"26":[1,10],"27":[0,10],"28":[1,1],"29":[0,20],"30":[1,19],"31":[1,18],"32":[1,17],"33":[1,16],"34":[0,16],"35":[0,8],"36":[1,7],"37":[1,6],"38":[1,5],"39":[0,5],"40":[0,5],"41":[1,4],"42":[1,3],"43":[1,2],"44":[1,1],"45":[0,3],"46":[2,1],"47":[0,1],"48":[10,9],"49":[1,8],"50":[18,21],"51":[18,3],"52":[17,4],"53":[10,8],"54":[5,11],"55":[5,0],"56":[2,0],"57":[2,9],"58":[3,6],"59":[9,0],"60":[6,0],"61":[5,1],"62":[5,1],"63":[4,1],"64":[1,0]},"f":{"1":51,"2":2,"3":2,"4":2,"5":34,"6":1,"7":32,"8":13,"9":19,"10":2,"11":20,"12":8,"13":5,"14":3,"15":19,"16":16,"17":1,"18":2,"19":2,"20":16,"21":11,"22":7,"23":5,"24":2,"25":1,"26":2,"27":1,"28":4,"29":0,"30":1,"31":1,"32":1,"33":1,"34":1,"35":1,"36":1},"fnMap":{"1":{"name":"constructor","line":135,"loc":{"start":{"line":135,"column":4},"end":{"line":143,"column":4}}},"2":{"name":"getLastUserPoint","line":148,"loc":{"start":{"line":148,"column":4},"end":{"line":153,"column":4}}},"3":{"name":"getNumUserPoints","line":158,"loc":{"start":{"line":158,"column":4},"end":{"line":160,"column":4}}},"4":{"name":"getUserPoint","line":166,"loc":{"start":{"line":166,"column":4},"end":{"line":168,"column":4}}},"5":{"name":"_checkpoint","line":175,"loc":{"start":{"line":175,"column":4},"end":{"line":319,"column":4}}},"6":{"name":"checkpoint","line":322,"loc":{"start":{"line":322,"column":4},"end":{"line":324,"column":4}}},"7":{"name":"_depositFor","line":332,"loc":{"start":{"line":332,"column":4},"end":{"line":374,"column":4}}},"8":{"name":"depositFor","line":381,"loc":{"start":{"line":381,"column":4},"end":{"line":409,"column":4}}},"9":{"name":"createLock","line":414,"loc":{"start":{"line":414,"column":4},"end":{"line":416,"column":4}}},"10":{"name":"createLockFor","line":423,"loc":{"start":{"line":423,"column":4},"end":{"line":430,"column":4}}},"11":{"name":"_createLockFor","line":437,"loc":{"start":{"line":437,"column":4},"end":{"line":474,"column":4}}},"12":{"name":"increaseAmount","line":478,"loc":{"start":{"line":478,"column":4},"end":{"line":506,"column":4}}},"13":{"name":"increaseUnlockTime","line":510,"loc":{"start":{"line":510,"column":4},"end":{"line":541,"column":4}}},"14":{"name":"withdraw","line":544,"loc":{"start":{"line":544,"column":4},"end":{"line":578,"column":4}}},"15":{"name":"_findPointByBlock","line":585,"loc":{"start":{"line":585,"column":4},"end":{"line":630,"column":4}}},"16":{"name":"_balanceOfLocked","line":636,"loc":{"start":{"line":636,"column":4},"end":{"line":645,"column":4}}},"17":{"name":"balanceOf","line":650,"loc":{"start":{"line":650,"column":4},"end":{"line":652,"column":4}}},"18":{"name":"lockedEnd","line":657,"loc":{"start":{"line":657,"column":4},"end":{"line":659,"column":4}}},"19":{"name":"balanceOfAt","line":665,"loc":{"start":{"line":665,"column":4},"end":{"line":672,"column":4}}},"20":{"name":"getVotes","line":676,"loc":{"start":{"line":676,"column":4},"end":{"line":678,"column":4}}},"21":{"name":"_getBlockTime","line":684,"loc":{"start":{"line":684,"column":4},"end":{"line":707,"column":4}}},"22":{"name":"getPastVotes","line":713,"loc":{"start":{"line":713,"column":4},"end":{"line":725,"column":4}}},"23":{"name":"_supplyLockedAt","line":731,"loc":{"start":{"line":731,"column":4},"end":{"line":756,"column":4}}},"24":{"name":"totalSupply","line":760,"loc":{"start":{"line":760,"column":4},"end":{"line":762,"column":4}}},"25":{"name":"totalSupplyAt","line":767,"loc":{"start":{"line":767,"column":4},"end":{"line":774,"column":4}}},"26":{"name":"totalSupplyLockedAtT","line":779,"loc":{"start":{"line":779,"column":4},"end":{"line":782,"column":4}}},"27":{"name":"totalSupplyLocked","line":786,"loc":{"start":{"line":786,"column":4},"end":{"line":788,"column":4}}},"28":{"name":"getPastTotalSupply","line":793,"loc":{"start":{"line":793,"column":4},"end":{"line":797,"column":4}}},"29":{"name":"supportsInterface","line":802,"loc":{"start":{"line":802,"column":4},"end":{"line":804,"column":4}}},"30":{"name":"transfer","line":807,"loc":{"start":{"line":807,"column":4},"end":{"line":809,"column":4}}},"31":{"name":"approve","line":812,"loc":{"start":{"line":812,"column":4},"end":{"line":814,"column":4}}},"32":{"name":"transferFrom","line":817,"loc":{"start":{"line":817,"column":4},"end":{"line":819,"column":4}}},"33":{"name":"allowance","line":822,"loc":{"start":{"line":822,"column":4},"end":{"line":825,"column":4}}},"34":{"name":"delegates","line":828,"loc":{"start":{"line":828,"column":4},"end":{"line":831,"column":4}}},"35":{"name":"delegate","line":834,"loc":{"start":{"line":834,"column":4},"end":{"line":837,"column":4}}},"36":{"name":"delegateBySig","line":840,"loc":{"start":{"line":840,"column":4},"end":{"line":844,"column":4}}}},"statementMap":{"1":{"start":{"line":137,"column":8},"end":{"line":137,"column":21}},"2":{"start":{"line":138,"column":8},"end":{"line":138,"column":19}},"3":{"start":{"line":139,"column":8},"end":{"line":139,"column":23}},"4":{"start":{"line":142,"column":8},"end":{"line":142,"column":95}},"5":{"start":{"line":149,"column":8},"end":{"line":149,"column":63}},"6":{"start":{"line":150,"column":8},"end":{"line":150,"column":6998}},"7":{"start":{"line":151,"column":12},"end":{"line":151,"column":59}},"8":{"start":{"line":159,"column":8},"end":{"line":159,"column":55}},"9":{"start":{"line":167,"column":8},"end":{"line":167,"column":42}},"10":{"start":{"line":181,"column":8},"end":{"line":181,"column":31}},"11":{"start":{"line":182,"column":8},"end":{"line":182,"column":31}},"12":{"start":{"line":183,"column":8},"end":{"line":183,"column":24}},"13":{"start":{"line":184,"column":8},"end":{"line":184,"column":24}},"14":{"start":{"line":185,"column":8},"end":{"line":185,"column":44}},"15":{"start":{"line":187,"column":8},"end":{"line":187,"column":8502}},"16":{"start":{"line":190,"column":12},"end":{"line":190,"column":8636}},"17":{"start":{"line":191,"column":16},"end":{"line":191,"column":63}},"18":{"start":{"line":192,"column":16},"end":{"line":192,"column":96}},"19":{"start":{"line":194,"column":12},"end":{"line":194,"column":8890}},"20":{"start":{"line":195,"column":16},"end":{"line":195,"column":63}},"21":{"start":{"line":196,"column":16},"end":{"line":196,"column":96}},"22":{"start":{"line":202,"column":12},"end":{"line":202,"column":53}},"23":{"start":{"line":203,"column":12},"end":{"line":203,"column":9425}},"24":{"start":{"line":204,"column":16},"end":{"line":204,"column":9470}},"25":{"start":{"line":205,"column":20},"end":{"line":205,"column":40}},"26":{"start":{"line":207,"column":20},"end":{"line":207,"column":61}},"27":{"start":{"line":212,"column":8},"end":{"line":212,"column":36}},"28":{"start":{"line":213,"column":8},"end":{"line":213,"column":9721}},"29":{"start":{"line":214,"column":12},"end":{"line":214,"column":51}},"30":{"start":{"line":217,"column":12},"end":{"line":217,"column":90}},"31":{"start":{"line":219,"column":8},"end":{"line":219,"column":44}},"32":{"start":{"line":222,"column":8},"end":{"line":222,"column":51}},"33":{"start":{"line":223,"column":8},"end":{"line":223,"column":27}},"34":{"start":{"line":224,"column":8},"end":{"line":224,"column":10333}},"35":{"start":{"line":227,"column":12},"end":{"line":227,"column":121}},"36":{"start":{"line":233,"column":12},"end":{"line":233,"column":57}},"37":{"start":{"line":234,"column":12},"end":{"line":234,"column":11044}},"38":{"start":{"line":239,"column":20},"end":{"line":239,"column":32}},"39":{"start":{"line":241,"column":16},"end":{"line":241,"column":29}},"40":{"start":{"line":242,"column":16},"end":{"line":242,"column":11442}},"41":{"start":{"line":243,"column":20},"end":{"line":243,"column":50}},"42":{"start":{"line":245,"column":20},"end":{"line":245,"column":50}},"43":{"start":{"line":247,"column":16},"end":{"line":247,"column":88}},"44":{"start":{"line":248,"column":16},"end":{"line":248,"column":40}},"45":{"start":{"line":249,"column":16},"end":{"line":249,"column":11772}},"46":{"start":{"line":251,"column":20},"end":{"line":251,"column":37}},"47":{"start":{"line":253,"column":16},"end":{"line":253,"column":11979}},"48":{"start":{"line":255,"column":20},"end":{"line":255,"column":38}},"49":{"start":{"line":257,"column":16},"end":{"line":257,"column":37}},"50":{"start":{"line":258,"column":16},"end":{"line":258,"column":35}},"51":{"start":{"line":260,"column":16},"end":{"line":260,"column":129}},"52":{"start":{"line":261,"column":16},"end":{"line":261,"column":55}},"53":{"start":{"line":265,"column":20},"end":{"line":265,"column":35}},"54":{"start":{"line":267,"column":16},"end":{"line":267,"column":12813}},"55":{"start":{"line":268,"column":20},"end":{"line":268,"column":63}},"56":{"start":{"line":269,"column":20},"end":{"line":269,"column":48}},"57":{"start":{"line":272,"column":20},"end":{"line":272,"column":59}},"58":{"start":{"line":277,"column":8},"end":{"line":277,"column":35}},"59":{"start":{"line":280,"column":8},"end":{"line":280,"column":13218}},"60":{"start":{"line":282,"column":12},"end":{"line":282,"column":55}},"61":{"start":{"line":283,"column":12},"end":{"line":283,"column":52}},"62":{"start":{"line":284,"column":12},"end":{"line":284,"column":13499}},"63":{"start":{"line":285,"column":16},"end":{"line":285,"column":34}},"64":{"start":{"line":287,"column":12},"end":{"line":287,"column":13589}},"65":{"start":{"line":288,"column":16},"end":{"line":288,"column":33}},"66":{"start":{"line":293,"column":8},"end":{"line":293,"column":47}},"67":{"start":{"line":295,"column":8},"end":{"line":295,"column":13772}},"68":{"start":{"line":299,"column":12},"end":{"line":299,"column":14001}},"69":{"start":{"line":301,"column":16},"end":{"line":301,"column":38}},"70":{"start":{"line":302,"column":16},"end":{"line":302,"column":14178}},"71":{"start":{"line":303,"column":20},"end":{"line":303,"column":42}},"72":{"start":{"line":305,"column":16},"end":{"line":305,"column":57}},"73":{"start":{"line":308,"column":12},"end":{"line":308,"column":14401}},"74":{"start":{"line":309,"column":16},"end":{"line":309,"column":38}},"75":{"start":{"line":310,"column":16},"end":{"line":310,"column":57}},"76":{"start":{"line":314,"column":12},"end":{"line":314,"column":44}},"77":{"start":{"line":315,"column":12},"end":{"line":315,"column":50}},"78":{"start":{"line":316,"column":12},"end":{"line":316,"column":42}},"79":{"start":{"line":317,"column":12},"end":{"line":317,"column":44}},"80":{"start":{"line":323,"column":8},"end":{"line":323,"column":89}},"81":{"start":{"line":339,"column":8},"end":{"line":339,"column":37}},"82":{"start":{"line":340,"column":8},"end":{"line":340,"column":27}},"83":{"start":{"line":343,"column":12},"end":{"line":343,"column":46}},"84":{"start":{"line":344,"column":12},"end":{"line":344,"column":31}},"85":{"start":{"line":347,"column":8},"end":{"line":347,"column":38}},"86":{"start":{"line":348,"column":8},"end":{"line":348,"column":84}},"87":{"start":{"line":352,"column":12},"end":{"line":352,"column":50}},"88":{"start":{"line":354,"column":8},"end":{"line":354,"column":16300}},"89":{"start":{"line":355,"column":12},"end":{"line":355,"column":49}},"90":{"start":{"line":357,"column":8},"end":{"line":357,"column":49}},"91":{"start":{"line":363,"column":8},"end":{"line":363,"column":75}},"92":{"start":{"line":364,"column":8},"end":{"line":364,"column":16765}},"93":{"start":{"line":366,"column":12},"end":{"line":366,"column":88}},"94":{"start":{"line":367,"column":12},"end":{"line":367,"column":16988}},"95":{"start":{"line":372,"column":8},"end":{"line":372,"column":86}},"96":{"start":{"line":373,"column":8},"end":{"line":373,"column":46}},"97":{"start":{"line":383,"column":8},"end":{"line":383,"column":17658}},"98":{"start":{"line":386,"column":8},"end":{"line":386,"column":17}},"99":{"start":{"line":388,"column":8},"end":{"line":388,"column":71}},"100":{"start":{"line":390,"column":8},"end":{"line":390,"column":17865}},"101":{"start":{"line":394,"column":8},"end":{"line":394,"column":17983}},"102":{"start":{"line":398,"column":8},"end":{"line":398,"column":18110}},"103":{"start":{"line":403,"column":8},"end":{"line":403,"column":18494}},"104":{"start":{"line":407,"column":8},"end":{"line":407,"column":83}},"105":{"start":{"line":408,"column":8},"end":{"line":408,"column":17}},"106":{"start":{"line":415,"column":8},"end":{"line":415,"column":53}},"107":{"start":{"line":425,"column":8},"end":{"line":425,"column":19498}},"108":{"start":{"line":429,"column":8},"end":{"line":429,"column":50}},"109":{"start":{"line":439,"column":8},"end":{"line":439,"column":20064}},"110":{"start":{"line":442,"column":8},"end":{"line":442,"column":17}},"111":{"start":{"line":445,"column":8},"end":{"line":445,"column":20198}},"112":{"start":{"line":451,"column":12},"end":{"line":451,"column":70}},"113":{"start":{"line":453,"column":8},"end":{"line":453,"column":71}},"114":{"start":{"line":455,"column":8},"end":{"line":455,"column":20659}},"115":{"start":{"line":459,"column":8},"end":{"line":459,"column":20835}},"116":{"start":{"line":463,"column":8},"end":{"line":463,"column":21034}},"117":{"start":{"line":467,"column":8},"end":{"line":467,"column":21305}},"118":{"start":{"line":471,"column":8},"end":{"line":471,"column":92}},"119":{"start":{"line":473,"column":8},"end":{"line":473,"column":17}},"120":{"start":{"line":480,"column":8},"end":{"line":480,"column":21790}},"121":{"start":{"line":483,"column":8},"end":{"line":483,"column":17}},"122":{"start":{"line":485,"column":8},"end":{"line":485,"column":74}},"123":{"start":{"line":487,"column":8},"end":{"line":487,"column":22000}},"124":{"start":{"line":491,"column":8},"end":{"line":491,"column":22118}},"125":{"start":{"line":495,"column":8},"end":{"line":495,"column":22248}},"126":{"start":{"line":500,"column":8},"end":{"line":500,"column":22602}},"127":{"start":{"line":504,"column":8},"end":{"line":504,"column":90}},"128":{"start":{"line":505,"column":8},"end":{"line":505,"column":17}},"129":{"start":{"line":512,"column":8},"end":{"line":512,"column":23008}},"130":{"start":{"line":515,"column":8},"end":{"line":515,"column":17}},"131":{"start":{"line":517,"column":8},"end":{"line":517,"column":74}},"132":{"start":{"line":520,"column":12},"end":{"line":520,"column":70}},"133":{"start":{"line":523,"column":8},"end":{"line":523,"column":23431}},"134":{"start":{"line":527,"column":8},"end":{"line":527,"column":23561}},"135":{"start":{"line":531,"column":8},"end":{"line":531,"column":23755}},"136":{"start":{"line":535,"column":8},"end":{"line":535,"column":23961}},"137":{"start":{"line":539,"column":8},"end":{"line":539,"column":94}},"138":{"start":{"line":540,"column":8},"end":{"line":540,"column":17}},"139":{"start":{"line":546,"column":8},"end":{"line":546,"column":24396}},"140":{"start":{"line":549,"column":8},"end":{"line":549,"column":17}},"141":{"start":{"line":551,"column":8},"end":{"line":551,"column":74}},"142":{"start":{"line":552,"column":8},"end":{"line":552,"column":24567}},"143":{"start":{"line":555,"column":8},"end":{"line":555,"column":54}},"144":{"start":{"line":557,"column":8},"end":{"line":557,"column":58}},"145":{"start":{"line":558,"column":8},"end":{"line":558,"column":37}},"146":{"start":{"line":559,"column":8},"end":{"line":559,"column":27}},"147":{"start":{"line":562,"column":12},"end":{"line":562,"column":46}},"148":{"start":{"line":563,"column":12},"end":{"line":563,"column":31}},"149":{"start":{"line":568,"column":8},"end":{"line":568,"column":88}},"150":{"start":{"line":570,"column":8},"end":{"line":570,"column":58}},"151":{"start":{"line":571,"column":8},"end":{"line":571,"column":46}},"152":{"start":{"line":573,"column":8},"end":{"line":573,"column":65}},"153":{"start":{"line":574,"column":8},"end":{"line":574,"column":25484}},"154":{"start":{"line":577,"column":8},"end":{"line":577,"column":17}},"155":{"start":{"line":589,"column":8},"end":{"line":589,"column":30}},"156":{"start":{"line":590,"column":8},"end":{"line":590,"column":26157}},"157":{"start":{"line":591,"column":12},"end":{"line":591,"column":42}},"158":{"start":{"line":593,"column":12},"end":{"line":593,"column":57}},"159":{"start":{"line":594,"column":12},"end":{"line":594,"column":26324}},"160":{"start":{"line":595,"column":16},"end":{"line":595,"column":46}},"161":{"start":{"line":599,"column":16},"end":{"line":599,"column":34}},"162":{"start":{"line":604,"column":8},"end":{"line":604,"column":26627}},"163":{"start":{"line":605,"column":12},"end":{"line":605,"column":26679}},"164":{"start":{"line":608,"column":12},"end":{"line":608,"column":67}},"165":{"start":{"line":611,"column":12},"end":{"line":611,"column":26886}},"166":{"start":{"line":612,"column":16},"end":{"line":612,"column":43}},"167":{"start":{"line":614,"column":16},"end":{"line":614,"column":50}},"168":{"start":{"line":617,"column":12},"end":{"line":617,"column":27062}},"169":{"start":{"line":618,"column":16},"end":{"line":618,"column":35}},"170":{"start":{"line":620,"column":16},"end":{"line":620,"column":39}},"171":{"start":{"line":625,"column":8},"end":{"line":625,"column":27268}},"172":{"start":{"line":626,"column":12},"end":{"line":626,"column":50}},"173":{"start":{"line":628,"column":12},"end":{"line":628,"column":57}},"174":{"start":{"line":637,"column":8},"end":{"line":637,"column":59}},"175":{"start":{"line":638,"column":8},"end":{"line":638,"column":27814}},"176":{"start":{"line":639,"column":12},"end":{"line":639,"column":79}},"177":{"start":{"line":640,"column":12},"end":{"line":640,"column":77}},"178":{"start":{"line":641,"column":12},"end":{"line":641,"column":28014}},"179":{"start":{"line":642,"column":16},"end":{"line":642,"column":54}},"180":{"start":{"line":651,"column":8},"end":{"line":651,"column":59}},"181":{"start":{"line":658,"column":8},"end":{"line":658,"column":59}},"182":{"start":{"line":667,"column":8},"end":{"line":667,"column":79}},"183":{"start":{"line":669,"column":8},"end":{"line":669,"column":29268}},"184":{"start":{"line":670,"column":12},"end":{"line":670,"column":44}},"185":{"start":{"line":677,"column":8},"end":{"line":677,"column":65}},"186":{"start":{"line":686,"column":8},"end":{"line":686,"column":30081}},"187":{"start":{"line":690,"column":8},"end":{"line":690,"column":30}},"188":{"start":{"line":691,"column":8},"end":{"line":691,"column":75}},"189":{"start":{"line":693,"column":8},"end":{"line":693,"column":22}},"190":{"start":{"line":694,"column":8},"end":{"line":694,"column":18}},"191":{"start":{"line":695,"column":8},"end":{"line":695,"column":30427}},"192":{"start":{"line":696,"column":12},"end":{"line":696,"column":78}},"193":{"start":{"line":697,"column":12},"end":{"line":697,"column":61}},"194":{"start":{"line":698,"column":12},"end":{"line":698,"column":39}},"195":{"start":{"line":700,"column":12},"end":{"line":700,"column":52}},"196":{"start":{"line":701,"column":12},"end":{"line":701,"column":42}},"197":{"start":{"line":703,"column":8},"end":{"line":703,"column":27}},"198":{"start":{"line":704,"column":8},"end":{"line":704,"column":30817}},"199":{"start":{"line":705,"column":12},"end":{"line":705,"column":73}},"200":{"start":{"line":715,"column":8},"end":{"line":715,"column":79}},"201":{"start":{"line":718,"column":8},"end":{"line":718,"column":58}},"202":{"start":{"line":721,"column":8},"end":{"line":721,"column":88}},"203":{"start":{"line":722,"column":8},"end":{"line":722,"column":31618}},"204":{"start":{"line":723,"column":12},"end":{"line":723,"column":50}},"205":{"start":{"line":733,"column":8},"end":{"line":733,"column":51}},"206":{"start":{"line":734,"column":8},"end":{"line":734,"column":32196}},"207":{"start":{"line":737,"column":16},"end":{"line":737,"column":28}},"208":{"start":{"line":739,"column":12},"end":{"line":739,"column":25}},"209":{"start":{"line":740,"column":12},"end":{"line":740,"column":32395}},"210":{"start":{"line":741,"column":16},"end":{"line":741,"column":25}},"211":{"start":{"line":743,"column":16},"end":{"line":743,"column":46}},"212":{"start":{"line":745,"column":12},"end":{"line":745,"column":89}},"213":{"start":{"line":746,"column":12},"end":{"line":746,"column":32629}},"214":{"start":{"line":749,"column":12},"end":{"line":749,"column":36}},"215":{"start":{"line":750,"column":12},"end":{"line":750,"column":31}},"216":{"start":{"line":753,"column":8},"end":{"line":753,"column":32773}},"217":{"start":{"line":754,"column":12},"end":{"line":754,"column":53}},"218":{"start":{"line":761,"column":8},"end":{"line":761,"column":21}},"219":{"start":{"line":769,"column":8},"end":{"line":769,"column":82}},"220":{"start":{"line":771,"column":8},"end":{"line":771,"column":33582}},"221":{"start":{"line":772,"column":12},"end":{"line":772,"column":45}},"222":{"start":{"line":780,"column":8},"end":{"line":780,"column":70}},"223":{"start":{"line":781,"column":8},"end":{"line":781,"column":53}},"224":{"start":{"line":787,"column":8},"end":{"line":787,"column":52}},"225":{"start":{"line":794,"column":8},"end":{"line":794,"column":83}},"226":{"start":{"line":796,"column":8},"end":{"line":796,"column":57}},"227":{"start":{"line":803,"column":8},"end":{"line":803,"column":97}}},"branchMap":{"1":{"line":150,"type":"if","locations":[{"start":{"line":150,"column":8},"end":{"line":150,"column":8}},{"start":{"line":150,"column":8},"end":{"line":150,"column":8}}]},"2":{"line":187,"type":"if","locations":[{"start":{"line":187,"column":8},"end":{"line":187,"column":8}},{"start":{"line":187,"column":8},"end":{"line":187,"column":8}}]},"3":{"line":190,"type":"if","locations":[{"start":{"line":190,"column":12},"end":{"line":190,"column":12}},{"start":{"line":190,"column":12},"end":{"line":190,"column":12}}]},"4":{"line":194,"type":"if","locations":[{"start":{"line":194,"column":12},"end":{"line":194,"column":12}},{"start":{"line":194,"column":12},"end":{"line":194,"column":12}}]},"5":{"line":203,"type":"if","locations":[{"start":{"line":203,"column":12},"end":{"line":203,"column":12}},{"start":{"line":203,"column":12},"end":{"line":203,"column":12}}]},"6":{"line":204,"type":"if","locations":[{"start":{"line":204,"column":16},"end":{"line":204,"column":16}},{"start":{"line":204,"column":16},"end":{"line":204,"column":16}}]},"7":{"line":213,"type":"if","locations":[{"start":{"line":213,"column":8},"end":{"line":213,"column":8}},{"start":{"line":213,"column":8},"end":{"line":213,"column":8}}]},"8":{"line":224,"type":"if","locations":[{"start":{"line":224,"column":8},"end":{"line":224,"column":8}},{"start":{"line":224,"column":8},"end":{"line":224,"column":8}}]},"9":{"line":242,"type":"if","locations":[{"start":{"line":242,"column":16},"end":{"line":242,"column":16}},{"start":{"line":242,"column":16},"end":{"line":242,"column":16}}]},"10":{"line":249,"type":"if","locations":[{"start":{"line":249,"column":16},"end":{"line":249,"column":16}},{"start":{"line":249,"column":16},"end":{"line":249,"column":16}}]},"11":{"line":253,"type":"if","locations":[{"start":{"line":253,"column":16},"end":{"line":253,"column":16}},{"start":{"line":253,"column":16},"end":{"line":253,"column":16}}]},"12":{"line":267,"type":"if","locations":[{"start":{"line":267,"column":16},"end":{"line":267,"column":16}},{"start":{"line":267,"column":16},"end":{"line":267,"column":16}}]},"13":{"line":280,"type":"if","locations":[{"start":{"line":280,"column":8},"end":{"line":280,"column":8}},{"start":{"line":280,"column":8},"end":{"line":280,"column":8}}]},"14":{"line":284,"type":"if","locations":[{"start":{"line":284,"column":12},"end":{"line":284,"column":12}},{"start":{"line":284,"column":12},"end":{"line":284,"column":12}}]},"15":{"line":287,"type":"if","locations":[{"start":{"line":287,"column":12},"end":{"line":287,"column":12}},{"start":{"line":287,"column":12},"end":{"line":287,"column":12}}]},"16":{"line":295,"type":"if","locations":[{"start":{"line":295,"column":8},"end":{"line":295,"column":8}},{"start":{"line":295,"column":8},"end":{"line":295,"column":8}}]},"17":{"line":299,"type":"if","locations":[{"start":{"line":299,"column":12},"end":{"line":299,"column":12}},{"start":{"line":299,"column":12},"end":{"line":299,"column":12}}]},"18":{"line":302,"type":"if","locations":[{"start":{"line":302,"column":16},"end":{"line":302,"column":16}},{"start":{"line":302,"column":16},"end":{"line":302,"column":16}}]},"19":{"line":308,"type":"if","locations":[{"start":{"line":308,"column":12},"end":{"line":308,"column":12}},{"start":{"line":308,"column":12},"end":{"line":308,"column":12}}]},"20":{"line":354,"type":"if","locations":[{"start":{"line":354,"column":8},"end":{"line":354,"column":8}},{"start":{"line":354,"column":8},"end":{"line":354,"column":8}}]},"21":{"line":364,"type":"if","locations":[{"start":{"line":364,"column":8},"end":{"line":364,"column":8}},{"start":{"line":364,"column":8},"end":{"line":364,"column":8}}]},"22":{"line":367,"type":"if","locations":[{"start":{"line":367,"column":12},"end":{"line":367,"column":12}},{"start":{"line":367,"column":12},"end":{"line":367,"column":12}}]},"23":{"line":383,"type":"if","locations":[{"start":{"line":383,"column":8},"end":{"line":383,"column":8}},{"start":{"line":383,"column":8},"end":{"line":383,"column":8}}]},"24":{"line":390,"type":"if","locations":[{"start":{"line":390,"column":8},"end":{"line":390,"column":8}},{"start":{"line":390,"column":8},"end":{"line":390,"column":8}}]},"25":{"line":394,"type":"if","locations":[{"start":{"line":394,"column":8},"end":{"line":394,"column":8}},{"start":{"line":394,"column":8},"end":{"line":394,"column":8}}]},"26":{"line":398,"type":"if","locations":[{"start":{"line":398,"column":8},"end":{"line":398,"column":8}},{"start":{"line":398,"column":8},"end":{"line":398,"column":8}}]},"27":{"line":403,"type":"if","locations":[{"start":{"line":403,"column":8},"end":{"line":403,"column":8}},{"start":{"line":403,"column":8},"end":{"line":403,"column":8}}]},"28":{"line":425,"type":"if","locations":[{"start":{"line":425,"column":8},"end":{"line":425,"column":8}},{"start":{"line":425,"column":8},"end":{"line":425,"column":8}}]},"29":{"line":439,"type":"if","locations":[{"start":{"line":439,"column":8},"end":{"line":439,"column":8}},{"start":{"line":439,"column":8},"end":{"line":439,"column":8}}]},"30":{"line":445,"type":"if","locations":[{"start":{"line":445,"column":8},"end":{"line":445,"column":8}},{"start":{"line":445,"column":8},"end":{"line":445,"column":8}}]},"31":{"line":455,"type":"if","locations":[{"start":{"line":455,"column":8},"end":{"line":455,"column":8}},{"start":{"line":455,"column":8},"end":{"line":455,"column":8}}]},"32":{"line":459,"type":"if","locations":[{"start":{"line":459,"column":8},"end":{"line":459,"column":8}},{"start":{"line":459,"column":8},"end":{"line":459,"column":8}}]},"33":{"line":463,"type":"if","locations":[{"start":{"line":463,"column":8},"end":{"line":463,"column":8}},{"start":{"line":463,"column":8},"end":{"line":463,"column":8}}]},"34":{"line":467,"type":"if","locations":[{"start":{"line":467,"column":8},"end":{"line":467,"column":8}},{"start":{"line":467,"column":8},"end":{"line":467,"column":8}}]},"35":{"line":480,"type":"if","locations":[{"start":{"line":480,"column":8},"end":{"line":480,"column":8}},{"start":{"line":480,"column":8},"end":{"line":480,"column":8}}]},"36":{"line":487,"type":"if","locations":[{"start":{"line":487,"column":8},"end":{"line":487,"column":8}},{"start":{"line":487,"column":8},"end":{"line":487,"column":8}}]},"37":{"line":491,"type":"if","locations":[{"start":{"line":491,"column":8},"end":{"line":491,"column":8}},{"start":{"line":491,"column":8},"end":{"line":491,"column":8}}]},"38":{"line":495,"type":"if","locations":[{"start":{"line":495,"column":8},"end":{"line":495,"column":8}},{"start":{"line":495,"column":8},"end":{"line":495,"column":8}}]},"39":{"line":500,"type":"if","locations":[{"start":{"line":500,"column":8},"end":{"line":500,"column":8}},{"start":{"line":500,"column":8},"end":{"line":500,"column":8}}]},"40":{"line":512,"type":"if","locations":[{"start":{"line":512,"column":8},"end":{"line":512,"column":8}},{"start":{"line":512,"column":8},"end":{"line":512,"column":8}}]},"41":{"line":523,"type":"if","locations":[{"start":{"line":523,"column":8},"end":{"line":523,"column":8}},{"start":{"line":523,"column":8},"end":{"line":523,"column":8}}]},"42":{"line":527,"type":"if","locations":[{"start":{"line":527,"column":8},"end":{"line":527,"column":8}},{"start":{"line":527,"column":8},"end":{"line":527,"column":8}}]},"43":{"line":531,"type":"if","locations":[{"start":{"line":531,"column":8},"end":{"line":531,"column":8}},{"start":{"line":531,"column":8},"end":{"line":531,"column":8}}]},"44":{"line":535,"type":"if","locations":[{"start":{"line":535,"column":8},"end":{"line":535,"column":8}},{"start":{"line":535,"column":8},"end":{"line":535,"column":8}}]},"45":{"line":546,"type":"if","locations":[{"start":{"line":546,"column":8},"end":{"line":546,"column":8}},{"start":{"line":546,"column":8},"end":{"line":546,"column":8}}]},"46":{"line":552,"type":"if","locations":[{"start":{"line":552,"column":8},"end":{"line":552,"column":8}},{"start":{"line":552,"column":8},"end":{"line":552,"column":8}}]},"47":{"line":574,"type":"if","locations":[{"start":{"line":574,"column":8},"end":{"line":574,"column":8}},{"start":{"line":574,"column":8},"end":{"line":574,"column":8}}]},"48":{"line":590,"type":"if","locations":[{"start":{"line":590,"column":8},"end":{"line":590,"column":8}},{"start":{"line":590,"column":8},"end":{"line":590,"column":8}}]},"49":{"line":594,"type":"if","locations":[{"start":{"line":594,"column":12},"end":{"line":594,"column":12}},{"start":{"line":594,"column":12},"end":{"line":594,"column":12}}]},"50":{"line":605,"type":"if","locations":[{"start":{"line":605,"column":12},"end":{"line":605,"column":12}},{"start":{"line":605,"column":12},"end":{"line":605,"column":12}}]},"51":{"line":611,"type":"if","locations":[{"start":{"line":611,"column":12},"end":{"line":611,"column":12}},{"start":{"line":611,"column":12},"end":{"line":611,"column":12}}]},"52":{"line":617,"type":"if","locations":[{"start":{"line":617,"column":12},"end":{"line":617,"column":12}},{"start":{"line":617,"column":12},"end":{"line":617,"column":12}}]},"53":{"line":625,"type":"if","locations":[{"start":{"line":625,"column":8},"end":{"line":625,"column":8}},{"start":{"line":625,"column":8},"end":{"line":625,"column":8}}]},"54":{"line":638,"type":"if","locations":[{"start":{"line":638,"column":8},"end":{"line":638,"column":8}},{"start":{"line":638,"column":8},"end":{"line":638,"column":8}}]},"55":{"line":641,"type":"if","locations":[{"start":{"line":641,"column":12},"end":{"line":641,"column":12}},{"start":{"line":641,"column":12},"end":{"line":641,"column":12}}]},"56":{"line":669,"type":"if","locations":[{"start":{"line":669,"column":8},"end":{"line":669,"column":8}},{"start":{"line":669,"column":8},"end":{"line":669,"column":8}}]},"57":{"line":686,"type":"if","locations":[{"start":{"line":686,"column":8},"end":{"line":686,"column":8}},{"start":{"line":686,"column":8},"end":{"line":686,"column":8}}]},"58":{"line":695,"type":"if","locations":[{"start":{"line":695,"column":8},"end":{"line":695,"column":8}},{"start":{"line":695,"column":8},"end":{"line":695,"column":8}}]},"59":{"line":704,"type":"if","locations":[{"start":{"line":704,"column":8},"end":{"line":704,"column":8}},{"start":{"line":704,"column":8},"end":{"line":704,"column":8}}]},"60":{"line":722,"type":"if","locations":[{"start":{"line":722,"column":8},"end":{"line":722,"column":8}},{"start":{"line":722,"column":8},"end":{"line":722,"column":8}}]},"61":{"line":740,"type":"if","locations":[{"start":{"line":740,"column":12},"end":{"line":740,"column":12}},{"start":{"line":740,"column":12},"end":{"line":740,"column":12}}]},"62":{"line":746,"type":"if","locations":[{"start":{"line":746,"column":12},"end":{"line":746,"column":12}},{"start":{"line":746,"column":12},"end":{"line":746,"column":12}}]},"63":{"line":753,"type":"if","locations":[{"start":{"line":753,"column":8},"end":{"line":753,"column":8}},{"start":{"line":753,"column":8},"end":{"line":753,"column":8}}]},"64":{"line":771,"type":"if","locations":[{"start":{"line":771,"column":8},"end":{"line":771,"column":8}},{"start":{"line":771,"column":8},"end":{"line":771,"column":8}}]}}}}
