TN:
SF:/home/andrey/valory/audit-process/projects/autonolas-governance/contracts/buOLA.sol
FN:69,constructor
FN:79,changeOwner
FN:97,createLockFor
FN:165,withdraw
FN:230,revoke
FN:256,balanceOf
FN:270,totalSupply
FN:277,releasableAmount
FN:285,_releasableAmount
FN:318,lockedEnd
FN:325,supportsInterface
FN:330,transfer
FN:335,approve
FN:340,transferFrom
FN:345,allowance
FNF:15
FNH:13
FNDA:15,constructor
FNDA:0,changeOwner
FNDA:8,createLockFor
FNDA:5,withdraw
FNDA:1,revoke
FNDA:4,balanceOf
FNDA:4,totalSupply
FNDA:5,releasableAmount
FNDA:11,_releasableAmount
FNDA:1,lockedEnd
FNDA:0,supportsInterface
FNDA:1,transfer
FNDA:1,approve
FNDA:1,transferFrom
FNDA:1,allowance
DA:71,15
DA:72,15
DA:73,15
DA:74,15
DA:80,0
DA:81,0
DA:84,0
DA:85,0
DA:88,0
DA:89,0
DA:99,8
DA:100,0
DA:102,8
DA:105,8
DA:106,1
DA:109,7
DA:110,1
DA:113,6
DA:114,1
DA:117,5
DA:118,1
DA:121,4
DA:123,4
DA:124,0
DA:127,4
DA:128,0
DA:131,4
DA:133,4
DA:134,1
DA:138,3
DA:139,3
DA:140,3
DA:141,3
DA:144,3
DA:145,3
DA:147,3
DA:148,3
DA:149,3
DA:153,3
DA:154,3
DA:155,0
DA:158,3
DA:159,3
DA:161,3
DA:167,5
DA:168,0
DA:170,5
DA:172,5
DA:173,5
DA:175,5
DA:177,5
DA:178,2
DA:181,3
DA:182,3
DA:184,3
DA:185,2
DA:188,2
DA:191,2
DA:192,1
DA:194,1
DA:198,1
DA:199,1
DA:201,1
DA:202,1
DA:206,1
DA:207,1
DA:208,1
DA:212,3
DA:213,3
DA:214,3
DA:217,3
DA:218,3
DA:220,3
DA:221,3
DA:222,0
DA:225,3
DA:232,1
DA:233,0
DA:236,1
DA:237,1
DA:238,1
DA:241,1
DA:243,1
DA:245,1
DA:247,1
DA:249,1
DA:257,4
DA:259,4
DA:261,2
DA:264,2
DA:271,4
DA:278,5
DA:279,5
DA:287,11
DA:288,3
DA:291,8
DA:293,8
DA:295,8
DA:296,8
DA:297,8
DA:301,8
DA:303,2
DA:304,2
DA:308,6
DA:309,6
DA:310,6
DA:319,1
DA:326,0
DA:331,1
DA:336,1
DA:341,1
DA:347,1
LF:112
LH:98
BRDA:80,1,0,0
BRDA:80,1,1,0
BRDA:84,2,0,0
BRDA:84,2,1,0
BRDA:99,3,0,0
BRDA:99,3,1,8
BRDA:105,4,0,1
BRDA:105,4,1,7
BRDA:109,5,0,1
BRDA:109,5,1,6
BRDA:113,6,0,1
BRDA:113,6,1,5
BRDA:117,7,0,1
BRDA:117,7,1,4
BRDA:123,8,0,0
BRDA:123,8,1,4
BRDA:127,9,0,0
BRDA:127,9,1,4
BRDA:133,10,0,1
BRDA:133,10,1,3
BRDA:154,11,0,0
BRDA:154,11,1,3
BRDA:167,12,0,0
BRDA:167,12,1,5
BRDA:173,13,0,5
BRDA:173,13,1,0
BRDA:177,14,0,2
BRDA:177,14,1,3
BRDA:184,15,0,2
BRDA:184,15,1,1
BRDA:191,16,0,1
BRDA:191,16,1,1
BRDA:221,17,0,0
BRDA:221,17,1,3
BRDA:232,18,0,0
BRDA:232,18,1,1
BRDA:259,19,0,2
BRDA:259,19,1,2
BRDA:287,20,0,3
BRDA:287,20,1,8
BRDA:301,21,0,2
BRDA:301,21,1,6
BRF:42
BRH:30
end_of_record
TN:
SF:/home/andrey/valory/audit-process/projects/autonolas-governance/contracts/GovernorOLA.sol
FN:26,constructor
FN:31,state
FN:43,propose
FN:55,proposalThreshold
FN:66,_execute
FN:83,_cancel
FN:95,_executor
FN:103,supportsInterface
FNF:8
FNH:7
FNDA:9,constructor
FNDA:3,state
FNDA:3,propose
FNDA:3,proposalThreshold
FNDA:1,_execute
FNDA:0,_cancel
FNDA:7,_executor
FNDA:1,supportsInterface
DA:34,3
DA:50,3
DA:57,3
DA:74,1
DA:90,0
DA:97,7
DA:106,1
LF:7
LH:6
BRF:0
BRH:0
end_of_record
TN:
SF:/home/andrey/valory/audit-process/projects/autonolas-governance/contracts/interfaces/IErrors.sol
FNF:0
FNH:0
LF:0
LH:0
BRF:0
BRH:0
end_of_record
TN:
SF:/home/andrey/valory/audit-process/projects/autonolas-governance/contracts/OLA.sol
FN:35,constructor
FN:46,changeOwner
FN:61,changeMinter
FN:73,mint
FN:88,inflationControl
FN:95,inflationRemainder
FN:115,burn
FN:123,decreaseAllowance
FN:139,increaseAllowance
FNF:9
FNH:6
FNDA:93,constructor
FNDA:0,changeOwner
FNDA:9,changeMinter
FNDA:35,mint
FNDA:34,inflationControl
FNDA:34,inflationRemainder
FNDA:3,burn
FNDA:0,decreaseAllowance
FNDA:0,increaseAllowance
DA:36,93
DA:37,93
DA:38,93
DA:39,93
DA:40,27
DA:47,0
DA:48,0
DA:51,0
DA:52,0
DA:55,0
DA:56,0
DA:62,9
DA:63,0
DA:66,9
DA:67,9
DA:75,35
DA:76,1
DA:80,34
DA:81,30
DA:89,34
DA:90,34
DA:96,34
DA:98,34
DA:100,34
DA:102,34
DA:104,4
DA:105,4
DA:106,10
DA:110,34
DA:116,3
DA:124,0
DA:126,0
DA:127,0
DA:128,0
DA:129,0
DA:132,0
DA:140,0
DA:142,0
DA:143,0
DA:144,0
DA:146,0
LF:41
LH:23
BRDA:39,1,0,27
BRDA:39,1,1,66
BRDA:47,2,0,0
BRDA:47,2,1,0
BRDA:51,3,0,0
BRDA:51,3,1,0
BRDA:62,4,0,0
BRDA:62,4,1,9
BRDA:75,5,0,1
BRDA:75,5,1,34
BRDA:80,6,0,30
BRDA:80,6,1,4
BRDA:102,7,0,4
BRDA:102,7,1,30
BRDA:126,8,0,0
BRDA:126,8,1,0
BRF:16
BRH:9
end_of_record
TN:
SF:/home/andrey/valory/audit-process/projects/autonolas-governance/contracts/test/TokenFactory.sol
FNF:0
FNH:0
LF:0
LH:0
BRF:0
BRH:0
end_of_record
TN:
SF:/home/andrey/valory/audit-process/projects/autonolas-governance/contracts/Timelock.sol
FN:10,constructor
FNF:1
FNH:1
FNDA:12,constructor
LF:0
LH:0
BRF:0
BRH:0
end_of_record
TN:
SF:/home/andrey/valory/audit-process/projects/autonolas-governance/contracts/VotingEscrow.sol
FN:135,constructor
FN:148,getLastUserPoint
FN:158,getNumUserPoints
FN:166,getUserPoint
FN:175,_checkpoint
FN:322,checkpoint
FN:332,_depositFor
FN:381,depositFor
FN:414,createLock
FN:423,createLockFor
FN:437,_createLockFor
FN:478,increaseAmount
FN:510,increaseUnlockTime
FN:544,withdraw
FN:585,_findPointByBlock
FN:636,_balanceOfLocked
FN:650,balanceOf
FN:657,lockedEnd
FN:665,balanceOfAt
FN:676,getVotes
FN:684,_getBlockTime
FN:713,getPastVotes
FN:731,_supplyLockedAt
FN:760,totalSupply
FN:767,totalSupplyAt
FN:779,totalSupplyLockedAtT
FN:786,totalSupplyLocked
FN:793,getPastTotalSupply
FN:802,supportsInterface
FN:807,transfer
FN:812,approve
FN:817,transferFrom
FN:822,allowance
FN:828,delegates
FN:834,delegate
FN:840,delegateBySig
FNF:36
FNH:35
FNDA:51,constructor
FNDA:2,getLastUserPoint
FNDA:2,getNumUserPoints
FNDA:2,getUserPoint
FNDA:34,_checkpoint
FNDA:1,checkpoint
FNDA:32,_depositFor
FNDA:13,depositFor
FNDA:19,createLock
FNDA:2,createLockFor
FNDA:20,_createLockFor
FNDA:8,increaseAmount
FNDA:5,increaseUnlockTime
FNDA:3,withdraw
FNDA:19,_findPointByBlock
FNDA:16,_balanceOfLocked
FNDA:1,balanceOf
FNDA:2,lockedEnd
FNDA:2,balanceOfAt
FNDA:16,getVotes
FNDA:11,_getBlockTime
FNDA:7,getPastVotes
FNDA:5,_supplyLockedAt
FNDA:2,totalSupply
FNDA:1,totalSupplyAt
FNDA:2,totalSupplyLockedAtT
FNDA:1,totalSupplyLocked
FNDA:4,getPastTotalSupply
FNDA:0,supportsInterface
FNDA:1,transfer
FNDA:1,approve
FNDA:1,transferFrom
FNDA:1,allowance
FNDA:1,delegates
FNDA:1,delegate
FNDA:1,delegateBySig
DA:137,51
DA:138,51
DA:139,51
DA:142,51
DA:149,2
DA:150,2
DA:151,2
DA:159,2
DA:167,2
DA:181,34
DA:182,34
DA:183,34
DA:184,34
DA:185,34
DA:187,34
DA:190,33
DA:191,16
DA:192,16
DA:194,33
DA:195,32
DA:196,32
DA:202,33
DA:203,33
DA:204,32
DA:205,15
DA:207,17
DA:212,34
DA:213,34
DA:214,20
DA:217,14
DA:219,34
DA:222,34
DA:223,34
DA:224,34
DA:227,20
DA:231,34
DA:233,34
DA:234,34
DA:238,36
DA:239,36
DA:241,36
DA:242,36
DA:243,34
DA:245,2
DA:247,36
DA:248,36
DA:249,36
DA:251,0
DA:253,36
DA:255,0
DA:257,36
DA:258,36
DA:260,36
DA:261,36
DA:264,36
DA:265,36
DA:267,36
DA:268,34
DA:269,34
DA:270,34
DA:272,2
DA:277,34
DA:280,34
DA:282,33
DA:283,33
DA:284,33
DA:285,0
DA:287,33
DA:288,0
DA:293,34
DA:295,34
DA:299,33
DA:301,16
DA:302,16
DA:303,15
DA:305,16
DA:308,33
DA:309,17
DA:310,17
DA:314,33
DA:315,33
DA:316,33
DA:317,33
DA:323,1
DA:339,32
DA:340,32
DA:342,32
DA:343,32
DA:344,32
DA:347,32
DA:348,32
DA:351,32
DA:352,32
DA:354,32
DA:355,17
DA:357,32
DA:363,32
DA:364,32
DA:366,31
DA:367,31
DA:368,0
DA:372,32
DA:373,32
DA:383,13
DA:384,0
DA:386,13
DA:388,13
DA:390,13
DA:391,1
DA:394,12
DA:395,1
DA:398,11
DA:399,1
DA:403,10
DA:404,0
DA:407,10
DA:408,10
DA:415,19
DA:425,2
DA:426,1
DA:429,1
DA:439,20
DA:440,0
DA:442,20
DA:445,20
DA:446,1
DA:450,19
DA:451,19
DA:453,19
DA:455,19
DA:456,1
DA:459,18
DA:460,1
DA:463,17
DA:464,1
DA:467,16
DA:468,0
DA:471,16
DA:473,16
DA:480,8
DA:481,0
DA:483,8
DA:485,8
DA:487,8
DA:488,1
DA:491,7
DA:492,1
DA:495,6
DA:496,1
DA:500,5
DA:501,0
DA:504,5
DA:505,5
DA:512,5
DA:513,0
DA:515,5
DA:517,5
DA:519,5
DA:520,5
DA:523,5
DA:524,1
DA:527,4
DA:528,1
DA:531,3
DA:532,1
DA:535,2
DA:536,1
DA:539,1
DA:540,1
DA:546,3
DA:547,0
DA:549,3
DA:551,3
DA:552,3
DA:553,2
DA:555,1
DA:557,1
DA:558,1
DA:559,1
DA:561,1
DA:562,1
DA:563,1
DA:568,1
DA:570,1
DA:571,1
DA:573,1
DA:574,1
DA:575,0
DA:577,1
DA:589,19
DA:590,19
DA:591,10
DA:593,9
DA:594,9
DA:595,1
DA:598,8
DA:599,8
DA:604,18
DA:605,39
DA:606,18
DA:608,21
DA:611,21
DA:612,18
DA:614,3
DA:617,21
DA:618,17
DA:620,4
DA:625,18
DA:626,10
DA:628,8
DA:637,16
DA:638,16
DA:639,5
DA:640,5
DA:641,5
DA:642,5
DA:651,1
DA:658,2
DA:667,2
DA:669,2
DA:670,2
DA:677,16
DA:686,11
DA:687,2
DA:690,9
DA:691,9
DA:693,9
DA:694,9
DA:695,9
DA:696,3
DA:697,3
DA:698,3
DA:700,6
DA:701,6
DA:703,9
DA:704,9
DA:705,9
DA:715,7
DA:718,7
DA:721,6
DA:722,6
DA:723,6
DA:733,5
DA:734,5
DA:736,6
DA:737,6
DA:739,6
DA:740,6
DA:741,5
DA:743,1
DA:745,6
DA:746,6
DA:747,5
DA:749,1
DA:750,1
DA:753,5
DA:754,4
DA:761,2
DA:769,1
DA:771,1
DA:772,1
DA:780,2
DA:781,2
DA:787,1
DA:794,4
DA:796,3
DA:803,0
DA:808,1
DA:813,1
DA:818,1
DA:824,1
DA:830,1
DA:836,1
DA:843,1
LF:274
LH:259
BRDA:150,1,0,2
BRDA:150,1,1,0
BRDA:187,2,0,33
BRDA:187,2,1,1
BRDA:190,3,0,16
BRDA:190,3,1,17
BRDA:194,4,0,32
BRDA:194,4,1,1
BRDA:203,5,0,32
BRDA:203,5,1,1
BRDA:204,6,0,15
BRDA:204,6,1,17
BRDA:213,7,0,20
BRDA:213,7,1,14
BRDA:224,8,0,20
BRDA:224,8,1,14
BRDA:242,9,0,34
BRDA:242,9,1,2
BRDA:249,10,0,0
BRDA:249,10,1,36
BRDA:253,11,0,0
BRDA:253,11,1,36
BRDA:267,12,0,34
BRDA:267,12,1,2
BRDA:280,13,0,33
BRDA:280,13,1,1
BRDA:284,14,0,0
BRDA:284,14,1,33
BRDA:287,15,0,0
BRDA:287,15,1,33
BRDA:295,16,0,33
BRDA:295,16,1,1
BRDA:299,17,0,16
BRDA:299,17,1,17
BRDA:302,18,0,15
BRDA:302,18,1,1
BRDA:308,19,0,17
BRDA:308,19,1,16
BRDA:354,20,0,17
BRDA:354,20,1,15
BRDA:364,21,0,31
BRDA:364,21,1,1
BRDA:367,22,0,0
BRDA:367,22,1,31
BRDA:383,23,0,0
BRDA:383,23,1,13
BRDA:390,24,0,1
BRDA:390,24,1,12
BRDA:394,25,0,1
BRDA:394,25,1,11
BRDA:398,26,0,1
BRDA:398,26,1,10
BRDA:403,27,0,0
BRDA:403,27,1,10
BRDA:425,28,0,1
BRDA:425,28,1,1
BRDA:439,29,0,0
BRDA:439,29,1,20
BRDA:445,30,0,1
BRDA:445,30,1,19
BRDA:455,31,0,1
BRDA:455,31,1,18
BRDA:459,32,0,1
BRDA:459,32,1,17
BRDA:463,33,0,1
BRDA:463,33,1,16
BRDA:467,34,0,0
BRDA:467,34,1,16
BRDA:480,35,0,0
BRDA:480,35,1,8
BRDA:487,36,0,1
BRDA:487,36,1,7
BRDA:491,37,0,1
BRDA:491,37,1,6
BRDA:495,38,0,1
BRDA:495,38,1,5
BRDA:500,39,0,0
BRDA:500,39,1,5
BRDA:512,40,0,0
BRDA:512,40,1,5
BRDA:523,41,0,1
BRDA:523,41,1,4
BRDA:527,42,0,1
BRDA:527,42,1,3
BRDA:531,43,0,1
BRDA:531,43,1,2
BRDA:535,44,0,1
BRDA:535,44,1,1
BRDA:546,45,0,0
BRDA:546,45,1,3
BRDA:552,46,0,2
BRDA:552,46,1,1
BRDA:574,47,0,0
BRDA:574,47,1,1
BRDA:590,48,0,10
BRDA:590,48,1,9
BRDA:594,49,0,1
BRDA:594,49,1,8
BRDA:605,50,0,18
BRDA:605,50,1,21
BRDA:611,51,0,18
BRDA:611,51,1,3
BRDA:617,52,0,17
BRDA:617,52,1,4
BRDA:625,53,0,10
BRDA:625,53,1,8
BRDA:638,54,0,5
BRDA:638,54,1,11
BRDA:641,55,0,5
BRDA:641,55,1,0
BRDA:669,56,0,2
BRDA:669,56,1,0
BRDA:686,57,0,2
BRDA:686,57,1,9
BRDA:695,58,0,3
BRDA:695,58,1,6
BRDA:704,59,0,9
BRDA:704,59,1,0
BRDA:722,60,0,6
BRDA:722,60,1,0
BRDA:740,61,0,5
BRDA:740,61,1,1
BRDA:746,62,0,5
BRDA:746,62,1,1
BRDA:753,63,0,4
BRDA:753,63,1,1
BRDA:771,64,0,1
BRDA:771,64,1,0
BRF:128
BRH:108
end_of_record
